提取的模块文本：
2 高中物理选择性必修第三册

如果我们把地球的大小与一个苹果的大小相

比，那就相当于将直径为1 cm的球与分子相比。 (cid:1842)(cid:4220)

1 cm (cid:10543)

可见，分子是极其微小的。

我们曾经研究过物体的运动，那么，构成物

体的微小分子会怎样运动呢？

物体是由大量分子组成的

我们在初中已经学过，物体是由大量分子组成的。需

碳原子

要指出的是：在研究物质的化学性质时，我们认为组成物

质的微粒是分子、原子或者离子。但是，在研究物体的热

运动性质和规律时，不必区分它们在化学变化中所起的不

同作用，而把组成物体的微粒统称为分子。

我们知道，1 mol 水中含有水分子的数量就达6.02×1023

个。②这足以表明，组成物体的分子是大量的。人们用肉眼

无法直接看到分子，就是用高倍的光学显微镜也看不到。

直至1982年，人们研制了能放大几亿倍的扫描隧道显微

图1.1-1 石墨表面原子的照片

镜③，才观察到物质表面原子的排列。图1.1-1是我国科学

_______________________

① 王竹溪（1911—1983），中国物理学家，中国科学院学部委员（现称院士），

北京大学教授。

② 1 mol的任何物质都含有相同的粒子数，这个数量用阿伏加德罗常数表示，

即N ＝6.022 140 76×1023 mol-1。

A

③ 扫描隧道显微镜是一种可以探测物质表面结构的仪器，它通过移动着的探针

与物质表面的相互作用，将物质表面原子的排列状态转换为图像信息，获得具

有原子尺度分辨力的表面形貌信息。

2 高中物理选择性必修第三册

甲 乙

图1.1-6 观察液体混合后体积的变化

水和酒精混合后的总体积变小了。这表明液体分子间

存在着空隙。再如，压在一起的金块和铅块，各自的分子

能扩散到对方的内部，这表明固体分子之间也存在着空隙。

分子间有空隙，大量分子却能聚集在一起，这说明分子之

间存在着相互作用力。

F

当用力拉伸物体时，物体内各部分之间要产生反抗拉

伸的作用力，此时分子间的作用力表现为引力。

当用力压缩物体时，物体内各部分之间会产生反抗压

缩的作用力，此时分子间的作用力表现为斥力。

r

O 0

r

分子之间的引力或斥力都跟分子间距离有关，那么，

它们之间有怎样的关系呢？

图1.1-7 分子间作用力与分子间

研究表明，分子间的作用力F跟分子间距离r的关系如 距离的关系

图1.1-7所示。

当r < r 时，分子间的作用力F 表现为斥力。

0

当r＝r 时，分子间的作用力F为0，这个位置称为平

0

衡位置。

当r > r 时，分子间的作用力F 表现为引力。

0

那么，分子间为什么有相互作用力呢？

我们知道，分子是由原子组成的。原子内部有带正电

的原子核和带负电的电子。分子间的作用力就是由这些带

电粒子的相互作用引起的。

第一章 分子动理论 5

伽尔顿板的上部规则地钉有铁钉，下部用竖

直隔板隔成等宽的狭槽，从顶部入口投入一个小

球时，小球落入某个狭槽是偶然的。

如果投入大量的小球，就可以看到，最后落入

各狭槽的小球数目是不相等的。靠近入口的狭槽内

的小球数目多，远离入口的狭槽内小球的数目少。

重复几次实验你会发现，其分布情况遵从一定

的规律。由此你能得到什么启发吗？

在一定条件下，若某事件必然出现，这个事件叫作必

然事件；若某事件不可能出现，这个事件叫作不可能事件。

若在一定条件下某事件可能出现，也可能不出现，这个事

件叫作随机事件。大量随机事件的整体往往会表现出一定

的规律性，这种规律就叫作统计规律（statistical regularity）。

气体分子运动的特点

热现象与大量分子热运动的统计规律有关。要研究气

体的热现象，就要了解气体分子运动的特点。

我们可以认为，液体的分子是一个挨着一个地排列的。

液体变为气体后，体积要增大上千倍，可见，气体分子间

距离大约是分子直径的10倍。分子的大小相对分子间的空

隙来说很小，所以，可以把气体分子视为质点。由于气体

分子间距离比较大，分子间的作用力很弱，通常认为，气

体分子除了相互碰撞或者跟器壁碰撞外，不受力而做匀速

直线运动，气体充满它能达到的整个空间（图1.3-1）。

图1.3-1 气体分子运动的示意图

10 高中物理选择性必修第三册

地面附近的物体所受的重力是G，由于重力

做功具有跟路径无关的特点，所以存在重力势能。

G

重力势能由地球和物体的相对位置决定。分子间

也存在相互作用力，那么，分子间是否存在势能

呢？如果存在，有什么特点呢？

分子动能

人们利用分子动理论通 分子不停地做无规则运动，那么，像一切运动着的物

过对大量分子求统计平均， 体一样，做热运动的分子也具有动能，这就是分子动能。

建立了宏观量与相应的微 物体中分子热运动的速率大小不一，所以各个分子的动能

观量统计平均值的关系。 也有大有小，而且在不断改变。在热现象的研究中，我们

关心的是组成系统的大量分子整体表现出来的热学性质，

因而，这里重要的不是系统中某个分子的动能大小，而是

所有分子的动能的平均值。这个平均值叫作分子热运动的

平均动能。

过去我们说，“温度是 温度升高时，分子的热运动加剧，温度越高，分子热

分子热运动剧烈程度的标 运动的平均动能越大。温度越低，分子热运动的平均动能

志”，现在就能进一步说， 越小。因此，可以得出结论：物体温度升高时，分子热运

“物体的温度是它的分子热 动的平均动能增加。这样，分子动理论使我们懂得了温度

运动的平均动能的标志”。 的微观含义。

分子势能

分子间存在着相互作用力，可以证明分子间的作用力

所做的功与路径无关，分子组成的系统具有分子势能。

14 高中物理选择性必修第三册

K

假如一个容器用挡板K隔开，容器中的气体

被分成A、B两部分，它们的压强分别为p 、p ，

A B

p 、T p 、T

温度分别为T 、T 。打开挡板K后，如果容器与外 A A B B

A B

界没有能量交换，经过一段时间后，容器内的气体

A B

会是什么状态？

状态参量与平衡态

研究某一容器中气体的热学性质，其研究对象是容器

中的大量分子组成的系统，这在热学中叫作一个热力学系

统（thermodynamic system），简称系统。系统之外与系统

发生相互作用的其他物体统称外界。例如，用酒精灯加热

容器中的气体，把气体作为研究对象，它就是一个热力学

系统，而容器和酒精灯就是外界。

在力学中，为描述物体（质点）的运动状态，我们使

用了物体的位置和速度这两个物理量。在热学中，为确定

系统的状态，也需要用到一些物理量，这些物理量叫作系

统的状态参量（state parameter）。例如，为了确定系统的

空间范围，要用到体积V，这是一个几何参量；为了确定

外界与系统之间或系统内部各部分之间力的作用，要用到

_______________________

① 彭罗斯（Roger Penrose，1931—），英国数学家、物理学家，2020年诺贝尔

物理学奖获得者，牛津大学教授，著名科普著作《皇帝新脑》的作者。

第二章 气体、固体和液体 19

热平衡与温度

上面所说的平衡态，指的是一个系统的状态参量不再改

如果两个系统相互接触而传热，这两个系统的状态参

量将会互相影响而分别改变。经过一段时间， 各自的状态

参量就不再变化了，这说明两个系统达到了平衡。这种平

衡叫作热平衡（thermal equilibrium）。

实验表明：如果两个系统分别与第三个系统达到热平

衡，那么这两个系统彼此之间也必定处于热平衡，这个结

论称为热平衡定律。

T/K

热平衡定律表明，当两个系统A、B处于热平衡时，它

T

B

B

们必定具有某个共同的热学性质，我们就把表征这一“共

T

同的热学性质”的物理量叫作温度（temperature）。换句话

A

T 说，温度是决定一个系统与另一个系统是否达到热平衡的

A

物理量，它的特点就是“达到热平衡的系统具有相同的温

O

t/s

图2.1-1 两个系统的热平衡过程 度”（图2.1-1）。下表列出了部分人们已观测的温度。

实验室已经获得 乙炔火焰的温度 汞金属超导转变

的最高温度 温度

107 〜108 K 约1.6×107 K 约3.5×103 K 约184 K（-89.2 ℃） 约4.2 K 约10-9 K

太阳中心的温度 地面上观测到的最 实验室内已经获

低气温（南极） 得的最低温度

表 人们已观测的温度

20 高中物理选择性必修第三册

在庆典活动中放飞的气球，会飞到我们看不

见的地方。随着气球的升空，大气压在减小，温度

在降低，气球在膨胀……看来，一定质量的气体的

压强、体积和温度三个状态参量之间是有联系的。

那么，它们会有怎样的联系呢？

我们首先研究一种特殊的情况：一定质量的气体，在

温度不变的条件下，其压强与体积变化时的关系。我们把

这种变化叫作气体的等温变化。

实 验

探究气体等温变化的规律

实验思路

针对气体的研究，可以先选定一个热力学系统，比如

一定质量的空气，在温度不变的情况下，测量气体在不同

压力表

体积时的压强，再分析气体压强与体积的关系。为此，我

们需要一个既能改变气体体积，又能测出与体积相对应的

气体压强的封闭容器。

下面我们利用如图2.2-1所示的装置进行实验。注射

器下端的开口有橡胶套，它和柱塞一起把一段空气柱封闭。 柱塞

本实验的研究对象是什么？怎样操作可以保证温度不发生

空气柱

明显的变化？

橡胶套

物理量的测量

图2.1-1 实验装置

实验中，我们需要测量空气柱的体积V和空气柱的压

强p，具体操作如下。

图2.2-1 实验装置

空气柱的长度l 可以通过刻度尺读取，空气柱的长度l与横

第二章 气体、固体和液体 23

烧瓶上通过橡胶塞连接一根玻璃管，向玻璃管

中注入一段水柱。用手捂住烧瓶，会观察到水柱缓

慢向外移动，这说明了什么？

实验表明，在保持气体的压强不变的情况下，一定质

量气体的体积随温度的升高而增大。

气体的等压变化

一定质量的某种气体，在压强不变时，体积随温度变

V

化的过程叫作气体的等压变化。

我们可以用实验研究一定质量的某种气体在压强不变

的情况下，其体积V与热力学温度T的关系。实验表明，在

V-T 图像中，等压线是一条过原点的直线（图2.3-1）。

法国科学家盖-吕萨克首先通过实验发现了这一线性关

O T

系，这个规律可以表述为：一定质量的某种气体，在压强

图2.3-1 压强不变时体积与温度的

不变的情况下，其体积V 与热力学温度T 成正比，即

关系

V ＝CT （ 1）

其中C 是常量。或者

V V

1 ＝ 2

T T

1 2

其中V 、T 和V 、T 分别表示气体在不同状态下的体积和

1 1 2 2

热力学温度。（1）式反映了一定质量的某种气体的等压变

化规律，我们把它叫作盖-吕萨克定律（Gay-Lussac’s law）。

气体的等容变化

一定质量的某种气体，在体积不变时，压强随温度变化

26 高中物理选择性必修第三册

表明，一定质量的某种理想气体，在从某一状态变化到另一状态时，尽管其压强p、体积V和温

度T都可能改变，但是压强p跟体积V的乘积与热力学温度T之比却保持不变。也就是说

pV

＝C

T

式中C 是与压强p、体积V、温度T无关的常量，它与气体的质量、种类有关。上式叫作理想气体

的状态方程。

气体实验定律的微观解释

用分子动理论可以定性解释气体的实验定律。

F

一定质量的某种理想气体，温度保持不变时，分子的

平均动能是一定的。在这种情况下，体积减小时，分子的

数密度增大，单位时间内、单位面积上碰撞器壁的分子数

V p V p

1 1 2 2

就多，气体的压强就增大（图2.3-3）。这就是玻意耳定律

图2.3-3 等温变化

的微观解释。

一定质量的某种理想气体，温度升高时，分子的平均动

能增大；只有气体的体积同时增大，使分子的数密度减小，

才能保持压强不变。这就是盖-吕萨克定律的微观解释。

一定质量的某种理想气体，体积保持不变时，分子的

数密度保持不变。在这种情况下，温度升高时，分子的平

均动能增大，气体的压强就增大。这就是查理定律的微观

解释。

第二章 气体、固体和液体 29

能研究。科学研究中总是抓住研究对象的主要特征，忽略次要因素，对研究对象进行

理想化抽象。运用这种方法，人们就可以用模型来表示研究对象，使得研究变得简

过抽象方法构建的理想模型有很多，例如，质点、点电荷、单摆、弹簧振子、理想变

压器、理想气体等。

练习与应用

1. 装有氧气的钢瓶，在17 ℃的室内测得钢 3. 如图2.3-5，向一个空

瓶内的压强是9.31×106 Pa。当钢瓶搬到－13 ℃ 的铝制饮料罐中插入一根透

的工地上时，瓶内的压强变为8.15×106 Pa。钢 明吸管，接口用蜡密封，在 图2.3-5

瓶是不是漏气？为什么？ 吸管内引入一小段油柱（长

2．“拔火罐”是我国传统医学的一种治疗 度可以忽略）。如果不计大气压的变化，这就

手段。操作时，医生用点燃的酒精棉球加热一 是一个简易的气温计。已知罐的容积是360 cm3，

个小罐内的空气，随后迅速把小罐倒扣在需 吸管内部粗细均匀，横截面积为0.2 cm2，吸管

要治疗的部位，冷却后小罐便紧贴在皮肤上 的有效长度为20 cm，当温度为25 ℃时，油柱

（图2.3- 4）。假设加热后小罐内的空气温度为 离管口10 cm。若给吸管上标刻温度值，刻度

80 ℃，当时的室温为20 ℃，大气压为标准大 是否均匀？试估算这个气温计的测量范围。

气压，小罐开口部位的直径请按照片中的情境 4.一个容器内部呈不规则形状，为测量它

估计。当罐内空气变为室温时，小罐内的空气 的容积，在容器上插入一根两端开口的玻璃管，

对皮肤的压力大概有多大？不考虑因皮肤被吸 接口用蜡密封。玻璃管内部横

入罐内导致空气体积变化的影响。 截面积为S，管内一静止水银柱

封闭着长度为l 的空气柱，如图

1

2.3-6，此时外界的温度为T 。现

1

把容器浸在温度为T 的热水中，

2

水银柱静止时下方的空气柱长度

l1

变为l 。实验过程中认为大气压

2

没有变化，请根据以上数据推导

容器容积的表达式。

图2.3-4 图2.3-6

30 高中物理选择性必修第三册

观察食盐颗粒和松香的外形，它们的外形各

有怎样的特征？

再用显微镜观察精盐和松香粉末的外形，两

者有什么样的差别吗？

食盐颗粒总是呈现立方体形，松香颗粒没有规则的几

何形状。

晶体和非晶体

固体可以分为晶体和非晶体两类。

石英、云母①、明矾、食盐、硫酸铜、味精等是晶体。

雪花是水蒸气凝华时形成的晶体，它们都具有相似的几何

形状，即图案中都有六个角（图2.4-1）。食盐晶体是正六

面体形，明矾晶体总是八面体形，天然石英晶体（俗称水

晶）的中间是一个六棱柱，两端是六棱锥（图2.4-2）。晶

体有天然的、规则的几何形状（图2.4-3）。 图2.4-1 雪花的形状

玻璃、蜂蜡、松香、沥青、橡胶等是非晶体。非晶体

没有规则的外形。

石英

明矾

(cid:4224) (cid:7099)(cid:4385) 甲 食盐 (cid:754) (cid:3033)(cid:4486)乙 明矾 (cid:712)丙 (cid:1848)天(cid:3944)(cid:4482)然(cid:5421)石英

(cid:4224) (cid:7099)(cid:4385) (cid:754) (cid:3033)(cid:4486) (cid:712) (cid:1848)(cid:3944)(cid:4482)(cid:5421)

(cid:4224) (cid:7099)(cid:4385) (cid:754) (cid:3033)(cid:4486) (cid:712) (cid:1848)(cid:3944)(cid:4482)(cid:5421)

图2.4-2 几种晶体的几何形状 图2.4-3 晶体的外形

_______________________

① 云母是一种矿物，化学成分为铝硅酸盐，可以剥成一片片的薄层。有些云母

图2.3-6 的绝缘性能很好，在过去没有塑料的年代，云母常在电器中当作绝缘物使用。

第二章 气体、固体和液体 31

察和灵活运用也同样重要。

练习与应用

1. 某人为了检验一块薄片物质是否为晶体， 用直线连起来，将构成一系列大小相同的正方

做了一个实验。他以薄片的正中央O为坐标原 形。作分界线AA ，使它平行于正方形的对角

1

点，建立Oxy平面直角坐标系，在两个坐标轴 线；作分界线BB ，使它平行于正方形的一边。

1

上分别取两点x 和y ，使x 和y 到O点的距离 在两线的左侧各取一个钠离子M和N，为了比

1 1 1 1

相等。在x 和y 上分别固定一个测温元件，再 较这两个钠离子所受分界线另一侧的离子对它

1 1

把一个针状热源放在O点，发现x 点和y 点的 作用力的大小，分别以M、N为圆心，作两个

1 1

温度在缓慢升高，但两点温度的高低没有差异。 相同的扇形，不考虑扇形以外远处离子的作用。

于是得出结论：这块薄片是非晶体。 （1）如果F表示两个相邻离子之间引力的

请说明：以上结论科学吗？为什么？ 大小，问：M、N所受扇形范围内的正负离子对

空间分布的示意图表示（图2.4-8），图中相邻离 设所有离子都是质点，而且它们之间的相互作

子的中心用线连起来了，组成了一个个大小相等 用遵从“平方反比”规律。

的立方体。现在要估算相邻两个钠离子中心的距 （2）根据计算结果解释：为什么敲碎的岩

离，除了知道食盐的密度ρ为2.17×103 kg/m3外， 盐总是呈立方形状，而不会沿图中AA 分界线

1

还要知道哪些数据？请用字母表示这些已知数 断开？

据，推导出相邻两个钠离子中心距离的表达式。 提示：实际晶体中的作用力要复杂得多，

提示：图中最小立方体的个数与离子数目 但这里的分析对理解自然现象还是有用的。

相等。

B

3. 内陆盐矿中开采的氯化钠称为岩盐，岩

A

盐的颗粒很大，我们能清楚地看出它的立方体

形状。把大颗粒的岩盐敲碎后，小颗粒的岩盐 N

M

仍然呈立方体形状。

图2.4-13表示了岩盐晶体的平面结构：空

A1 B1

心点为氯离子，实心点为钠离子，如果把它们 图2.4-13

第二章 气体、固体和液体 35

在杯子中盛满清水。将曲别针一枚一枚依次

放入杯中，比一比谁放入的曲别针数量最多，而

杯中的水不会溢出。你能解释这一现象吗？

液体的表面张力

我们发现：一些昆虫可以停在水面上（图2.5-1）；

叶面上的露珠呈球形……这些现象表明，液体表面可能

具有与内部不同的性质。

图2.5-1 水黾可以停在水面

实 验

观察肥皂膜和棉线的变化

1. 把一条细棉线的两端分别系在铁丝环的两侧，要使棉线处于略为松弛的状态。然后

将铁丝环浸入肥皂液里，再拿出来时环上就留下了一层肥皂液的薄膜。这时薄膜上的棉线

仍是松弛的（图2.5-2甲）。用烧热的针刺破棉线一侧的薄膜（图2.5-2乙），观察薄膜和

棉线发生的变化。

2. 把一个棉线圈系在铁丝环上，使环上布满肥皂液的薄膜，这时膜上的棉线圈仍是松

弛的（图2.5-2丙）。用烧热的针刺破棉线圈里的薄膜，观察棉线圈外的薄膜和棉线圈发生

的变化（图2.5-2丁）。

甲 乙 丙 丁

图2.5-2 观察肥皂膜和棉线的变化

36 高中物理选择性必修第三册

均距离r略小于r ，分子间的作用力表现为斥力；在表面层，

0

N

分子比较稀疏，分子间距离r略大于r ，分子间的作用力表 1

0 F

12

现为引力。设想在液体表面画一条直线MN，把液体表面分

F

为1、2两部分，MN两侧的液体之间存在着一对与MN垂直、 21

2

大小相等、方向相反的作用力（图2.5-3乙）。① 由于是任意 M

(cid:4442)

画的，所以这种力在液体表面层内的各个方向上都存在，力

图2.5-3 液体的表面张力

的方向总是跟液面相切，且与分界面垂直。这种力使液体表

面绷紧，叫作液体的表面张力（surface tension）。

思考与讨论

还记得《普通高中教科书物理必修第一册》中展示的“太空授课”画面吗？在

天宫一号目标飞行器里，水滴的形状是一个完美的球形。生活中我们还经常看到荷

叶上的露珠呈扁平球形等现象。你能解释这是为什么吗？

到现在为止，我们已经从实验和理论两个方面了解了

液体的表面张力，知道它使液体表面有收缩的趋势。为什

么那么多曲别针沉入杯中水却没溢出？为什么水黾可以停

在水面上？相信你可以给出解释了。

浸润和不浸润

在一块洁净的玻璃板上滴一滴水，我们看到，这滴水

会逐渐散开并附着在玻璃板上（图2.5-4甲）；在一块涂了

蜡的玻璃板上滴一滴水，这滴水却可以滚来滚去，而不能

附着在蜡面上（图2.5-4乙）。这个结果表明，水可以润湿

甲 玻璃面 乙 蜡面

_______________________

图2.5-4 浸润和不浸润

① 如果液面是曲面，这种作用力与液体表面相切。

第二章 气体、固体和液体 37

在空气压缩引火仪底部放置少量的硝化棉，

迅速压下筒中的活塞，可以观察到硝化棉燃烧的

火苗。为什么筒底的硝化棉会被点燃呢？你能解

释这个现象吗？

19世纪30年代，人们逐渐认识到，为了使系统的热力

学状态发生变化，既可以向它传热，也可以对它做功。从

1840年开始，英国物理学家焦耳进行了多种多样的实验，

以求精确测定外界对系统做功和传热对于系统状态的影响，

以及功与热的相互关系。这项研究工作为热力学第一定律

和能量守恒定律的建立奠定了坚实的实验基础。

焦耳的实验

焦耳（James Prescott Joule，1818—

1889）

在焦耳研究功与热等效性的许多实验中，有两个最具

代表性。一个是让重物下落带动叶片搅拌容器中的水，引

起水温上升；另一个是通过电流的热效应给水加热。

实验1 如图3.1-1，用绝热性能良好的材料制作容器，

容器中安装着叶片组成的搅拌器。重物下落时带动叶片转

_______________________

① 亥姆霍兹（Hermann von Helmholtz，1821—1894），德国物理学家、生理学

家。对生理学、光学、电磁学、数学等方面多有贡献，是能量守恒和转化学说

的创建者之一。

46 高中物理选择性必修第三册

程：迅速压下活塞，引火仪筒内气体被压缩，体积变小，

外界对气体做了功，内能增加，温度升高。当温度达到易

燃物的燃点时，易燃物发生自燃。

下面让我们再通过一个实验，认识功与内能的变化之

间的关系。

做一做

甲

取一个透明塑料瓶，向瓶内注入少量的水。

乙

将橡胶塞打孔，安装上气门嘴，再用橡胶塞把瓶

口塞紧，并向瓶内打气，观察橡胶塞跳出时瓶内

的变化（图3.1-4）。

图3.1-4 观察橡胶塞跳出时瓶内的变化

48 高中物理选择性必修第三册

汽缸内有一定质量的气体，压缩气体的同时 F

给汽缸加热。那么，气体内能的变化会比单一方 U 1

U

式（做功或传热）更明显。这是为什么呢？ 2

热力学第一定律

在焦耳之前，人们还 焦耳的实验一方面表明，以不同的方式对系统做功时，

没有认识到做功与传热在 只要系统始末两个状态是确定的，做功的数量就是确定的；

改变系统内能方面是等价 另一方面也向我们表明，为了改变系统的状态，做功和传

的。焦耳做实验的本意是 热这两种方法是等价的。也就是说，一定数量的功与确定

要探究两者的关系。 数量的热相对应。

我们在上节课已经知道，单纯地对系统做功（热力学

系统的绝热过程），内能的变化量与功的关系是

ΔU ＝W

单纯地对系统传热，则内能的变化量与传递热量的关系是

ΔU ＝ Q

既然做功与传热对改变系统的内能是等价的，那么，当

外界既对系统做功又对系统传热时，内能的变化量就应该是

ΔU ＝ Q ＋W

若用公式求出Q为负

也就是说，一个热力学系统的内能变化量等于外界向它传

值，说明系统向外界传递

递的热量与外界对它所做的功的和。这个关系叫作热力学

热量；若求出W为负值，

第一定律（first law of thermodynamics）。

说明系统对外界做功。

活塞对气体所做的功与通过加热向汽缸内气体传递的热量

之和。

50 高中物理选择性必修第三册

究对象。对于公式ΔU＝Q＋W，我们可以这样理解：外界

对系统做功有助于系统内能的增加，因此，外界对系统做

功时，W 取正值；而系统对外界做功时，W取负值。同理，

外界对系统传递热量有助于系统内能的增加，因此，外界

对系统传递的热量Q 取正值；而系统向外界传递的热量Q

就取负值。

【例题】

如图3.2-1，一台四冲程内燃机，活塞在压缩冲程某段时间内移动的距离为

0.1 m，这段过程活塞对气体的压力逐渐增大，其做的功相当于2×103 N的恒力使活

塞移动相同距离所做的功（图3.2-2甲）。内燃机工作时汽缸温度高于环境温度，该

过程中压缩气体传递给汽缸的热量为25 J。

（1）求上述压缩过程中气体内能的变化量。

（2）燃烧后的高压气体对活塞做功，气体推动活塞移动0.1 m，其做的功相当于

9×103 N的恒力使活塞移动相同距离所做的功（图3.2-2乙），该做功过程气体传递

F/（103(cid:3)N） F/（103(cid:3)N）

F

0.1 m

9

2

0 0.1 l/m 0 0.1 l/m

(cid:4476)(cid:3)(cid:1306)(cid:5320)(cid:1099)(cid:4939) (cid:748)(cid:3)(cid:997)(cid:1204)(cid:1099)(cid:4939)

图3.2-1 图3.2-2

第三章 热力学定律 51

让“饮水小鸭”“喝”完一口水后，直立起

来。直立一会儿，它又会慢慢俯下身去，再“喝”

一口，然后又会直立起来。如此循环往复……

这种“饮水小鸭”玩具是一架永动机吗？

探索能量守恒的足迹

人类对能量的认识 能量的概念是人类在对物质运动

规律进行长期探索中建立起来的。所有自然现象都涉及能

量，人类的任何活动都离不开能量。能量具有不同的形式，

有描述热运动的内能、描述机械运动的机械能、描述光辐

射的光能，等等。不同形式的运动都可以用能量来描述。

也就是说，我们可以用能量的观念把热、电、光、磁等都

统一起来描述。但是，在科学史上人们真正以“能量”的

观念来探索各种运动形式本质的过程却是非常曲折的。

在认识自然的进程中，科学家慢慢知道了要用联系的

观点去观察自然。例如，机械能的各种形式之间可以相互

转化，电和磁可以相互转化，热和电也可以相互转化……

奥斯特发现电流的 法拉第发现电磁感

磁效应 应现象

1798年 1820年 1821年 1831年

伦福德的实验表明 塞贝克发现温差电

热的本质是运动 现象

表 科学家们一直关注自然现象之间的普遍联系

54 高中物理选择性必修第三册

半个多世纪人类对能量以及能量守恒研究的历史，预

示着人们把各分立的领域连成一体的时刻已经到来，也就

是到了建立能量转化与守恒定律的时候了。

能量守恒定律

在力学中，当系统只有重力和弹力做功时，系统的动

能与势能会发生相互转化，而动能与势能的总量保持不变，

这就是机械能守恒定律。

在热力学领域内，做功和传热可以改变系统的内能，

即系统内能与系统外的能量会发生转化或转移，但能的总

量不会改变。热力学第一定律，实际上就是内能与其他能

量发生转化时的能量守恒定律。

能量守恒定律可以表述为：能量既不会凭空产生，也

不会凭空消失，它只能从一种形式转化为其他形式，或者

从一个物体转移到别的物体，在转化或转移的过程中，能

量的总量保持不变。

能量守恒是自然界的普遍规律。根据能量守恒定律，

物理学发现和解释了很多科学现象。

能量守恒的观点也在不 但是在能量守恒定律发现之后，曾有人怀疑某种过程

断地发展，相对论建立以 “能量不守恒”。但是，进一步研究又发现，原来是漏掉了

后，基本粒子的研究使我 人类尚不认识的一种能量。如果把这种能量计算在内，总

们认识到，能量其实是与 能量依然守恒。在20世纪30年代初，奥地利物理学家泡利

质量相关联的一个物理量。 根据能量守恒定律预言了中微子。① 这个预言后来得到了证

实。能量守恒定律经受住了新的检验。

能量守恒定律的发现是科学史上的重大事件。恩格斯

把它与细胞学说、生物进化论一起列为19世纪的三大发

_______________________

① 中微子是静止质量几乎为0 的中性粒子。

56 高中物理选择性必修第三册

由两个玻璃球构成，并通过细玻璃管相连。下球盛有一些

(cid:4476) (cid:748)

乙醚，上球连同尖嘴被吸水毛毡包起来。那么，它是靠什

图3.3-1 小鸭饮水示意图

么来维持工作的呢？原来小鸭头部的毛毡“饮水”后，水

蒸发吸热，导致头部温度降低。上段玻璃管中的乙醚蒸气

被液化，压强减小，液柱上升（图3.3-1甲），小鸭重心上

移，直到小鸭倾倒。处于倾倒位置的小鸭，头部再次被浸

湿，上下玻璃球内的气体相通，压强相等，乙醚流回下玻

璃球内（图3.3-1乙），重心下移，小鸭站立。如此循环往

复。可见，正是因为小鸭头部“饮水”后水不断蒸发，

吸收了察觉不到的空气的热量，才使小鸭能够持续工作

下去。

思考与讨论

17〜18世纪，许多人致力于制造一种机器，它不需

要任何动力或燃料，却能不断地对外做功，史称“第一

类永动机”。图3.3-2展示了历史上一种永动机的设计。

然而，为此目的的任何尝试都失败了。这是为什么呢？

图3.3-2 历史上一种永动机的设计

任何动力机械的作用都是把其他形式的能转化为机械

能。内燃机把燃料的化学能转化为燃气的内能然后再转化

为机械能，电动机把电能转化为机械能……如果没有燃料、

电流或其他动力的输入，能量从哪里来呢！永动机的思想

违背了能量守恒定律，所以是不可能制成的。

应该指出的是，制造永动机的千万次失败使人们的头

脑冷静下来，开始在更深层次寻找失败的原因。1775年法

第三章 热力学定律 57

一滴红色颜料滴进一杯清水中扩散，整杯水

将均匀地变红。从系统的角度来看，扩散之前是

一种状态，扩散后是另一种状态。那么，水中扩

散后的颜料能否自发地重新聚集在一起，而其余

部分又变成清水？

热力学第二定律

能量守恒定律告诉我们，在自然界发生的一切过程中

能量都是守恒的，一个导致能量创生或能量消失的过程是

不可能出现的。然而，并不是所有符合能量守恒定律的宏

观过程都能自发地进行。

无数事实告诉我们，凡是实际的过程，只要涉及热现象，

如物体间的传热、气体的膨胀、扩散、有摩擦的机械运动……

都有特定的方向性。这些过程可以自发地朝某个方向进行，

例如，热由高温物体传向低温物体，而相反的过程，即使不

违背能量守恒定律，我们也从未见到它们会自发地进行。这

就是说，一切与热现象有关的宏观自然过程都是不可逆的。

在物理学中，反映宏观自然过程的方向性的定律就是

热力学第二定律（second law of thermodynamics）。

热力学第二定律的克劳修斯表述 德国物理学家克劳 热力学第二定律是用否

定语句表述的（绝大多数

修斯在1850年提出：热量不能自发地从低温物体传到高温

物理定律都是用肯定语句

物体。这是热力学第二定律的克劳修斯表述。

表述的），它告诉我们什

这里阐述的是传热的方向性。在这个表述中，“自发”

么样的过程不可能发生。

二字指的是：当两个物体接触时，不需要任何第三者的介

入、不会对任何第三者产生任何影响，热量就能从一个物

体传向另一个物体。当两个温度不同的物体接触时，这个

“自发”的方向是从高温物体指向低温物体的。

第三章 热力学定律 59

能可以全部转化成内能，但这个过程是不可逆的。

可以证明，热力学第二定律的克劳修斯表述和开尔文

表述是等价的。

能源是有限的

自然界的一切变化，人类社会的所有活动，都伴随着

能量的转移和转化，能量是一切物质运动的源泉，是一切

生命活动的基础。

能量在数量上虽然守恒，但其转移和转化却具有方向

性。在取暖照明、耕田犁地、车钻磨锻、开车驾船……各

种各样的活动中，机械能、电能、光能、声能、化学能、

_______________________

① 也就是威廉·汤姆孙。因为他在科学上的成就和对大西洋电缆工程的贡献，

英女王授予他开尔文勋爵衔，后世常称他为开尔文。

第三章 热力学定律 61

（3）即使没有漏气、摩擦、不必要的散热 使瓶内的压强变大？说出理由。

64 高中物理选择性必修第三册

回到状态A时的体积和温度，气体放出的热量

d 是150 J，那么返回过程中气体对外做的功又是

h

0

F

图3-4

B

4. 如图3-5，一定质量的理想气体从状态A

A

变化到状态B，已知在此过程中，气体吸收了

300 J的热量， 则该过程中气体内能变化了多少？

图3-6

p/(cid:3)((cid:20)(cid:19)(cid:24)(cid:3)Pa)

A B

0.4

0 2.0 4.0 V/(cid:8545)(cid:20)(cid:19)(cid:16)(cid:22)(cid:3)m(cid:22)(cid:8546)

图3-5

第三章 热力学定律 65

量子论使人们认识了微观世界的运动规律，

并发展了一系列对原子、分子等微观粒子进行有

效操控和测量的技术。图为利用扫描隧道显微镜

将48个铁原子排成的“量子围栏”。那么，人们

认识量子规律的第一步是怎样迈出的？

黑体与黑体辐射

通过物理必修课的学习我们知道，如果某种物体能够

完全吸收入射的各种波长的电磁波而不发生反射，这种物

体就是绝对黑体，简称黑体（black body）。如图4.1-1，在

空腔壁上开一个很小的孔，射入小孔的电磁波在空腔内表

面会发生多次反射和吸收，最终不能从空腔射出。这个带 图4.1-1 带小孔的空腔

小孔的空腔就可以近似为一个绝对黑体。

黑体虽然不反射电磁波，却可以向外辐射电磁波，这

样的辐射叫作黑体辐射（black body radiation）。

19世纪，由于冶金、星体测温等需求，人们对热辐射进

行了大量的研究。当时物理学家已有能力对热辐射的强度随

波长的分布进行比较准确的测量。研究表明，对于一般材料

的物体，辐射电磁波的情况除了与温度有关，还与材料的种

类及表面状况有关，而黑体辐射电磁波的强度按波长的分布

只与黑体的温度有关。它可能反映了某种具有普遍意义的客

观规律，人们因此对黑体辐射进行了深入的实验及理论研究。

第四章 原子结构和波粒二象性 67

学位，博士论文题目是关于热力学第二定律的。之后，他先后在慕尼黑、基尔和柏林担任物理学

副教授和教授等职务，并在基尔霍夫去世后继任他的职位。这个阶段，普朗克的主要研究方向也

是热力学。在提出能量量子化理论之前，他大概发表了40篇论文。

普朗克在物理学方面最重要的成就，毫无疑问就是他在1900年创立的黑体辐射理论。在此之

破，正是建立在他从大学时代开始多年的严格专业训练和辛勤研究的基础之上的。

普朗克曾努力把自己提出的能量子假说纳入已有的经典物理学的框架，但后来物理学的发

展表明，能量量子化和经典物理并不相容，它是原子、分子等微观系统所遵循的独有的物理规

律——量子规律的体现。普朗克的发现，正是人们在认识这一全新规律的道路上迈出的第一步。

由于普朗克的巨大成就，他从1920年左右开始成为德国科学界的领军人物之一。他在1930

年当选威廉皇家学会主席，成了德国科学界的最高权威。后来，为抗议希特勒，他辞去了这个职

务。第二次世界大战后，为了纪念普朗克，威廉皇家学会改名为马克斯·普朗克学会。

回顾普朗克的一生，不难看出，正是他中学毕业时遵从自己的好奇心和兴趣而作出的专业选

择，成就了他后来事业上的辉煌。1918年，在普朗克60岁生日的庆祝会上，爱因斯坦发表了题

为《探索的动机》的著名演讲。他认为，科学工作者大体可以分为三类：第一类人从事科研是为

了挑战自己的智力；第二类是出于纯粹的功利目的；而第三类则是为了探寻自然界的客观规律。

第三类科学工作者“把世界体系及其构成作为感情生活的支点，以便由此找到他在个人经验的狭

小范围内所不能找到的宁静和安定”。在爱因斯坦看来，虽然前两类人中包含很多成果卓著的科

学家，但第三类才是科学家队伍中的中坚和灵魂，离开了他们，科学的殿堂就无法存在。普朗克

就属于这一类科学家。

练习与应用

1. 可见光波长的大致范围是400〜760 nm。 到开水的温度是逐渐降低的。根据能量量子化

400 nm、760 nm 电磁辐射的能量子ε的值是多少？ 理论，开水的能量是一份一份向外辐射的，为

2. 在一杯开水中放入一支温度计，可以看 什么它的温度不是一段一段地降低呢？

70 高中物理选择性必修第三册

锌板

把一块锌板连接在验电器上，并使锌板带负

照射前

电，验电器指针张开。用紫外线灯照射锌板，观

察验电器指针的变化。 紫外线灯

实验发现，若使锌板带负电，用紫外线灯照射后，验

电器张开的指针夹角会变小，说明锌板带的负电荷变少了。

这意味着，紫外线会让电子从锌板表面逸出。

照射到金属表面的光，能使金属中的电子从表面逸出。

这个现象称为光电效应（photoelectric effect），这种电子常

称为光电子。

光电效应的实验规律

1887年，赫兹在研究电磁波的实验中偶尔发现，接收

电路的间隙如果受到光照，就更容易产生电火花。这就是

最早发现的光电效应，也是赫兹细致观察的意外收获。

后来这一现象引起许多物理学家的关注。德国物理学

家勒纳德、英国物理学家J. J. 汤姆孙等相继进行了实验研

究，证实了这个现象。 (cid:2108)(cid:3728) (cid:1588)(cid:2664)

下面我们用图4.2-1所示的电路研究光电效应中电子发

A K

射的情况与照射光的强弱、光的颜色（频率）等物理量之

A

间的关系。

V

如图4.2-1，阴极K和阳极A是密封在真空玻璃管中的

两个电极，阴极K在受到光照时能够发射光电子。阴极K

与阳极A之间电压U的大小可以调整，电源的正负极也可

以对调。电源按图示极性连接时，闭合开关后，阳极A吸

图4.2-1 研究光电效应的电路图

第四章 原子结构和波粒二象性 71

观点还不够彻底，仅仅认为振动着的带电微粒的能量不连

续是不够的。为了解释光电效应，必须假定电磁波本身的

能量也是不连续的，即认为光本身就是由一个个不可分割

的能量子组成的，频率为v 的光的能量子为hv，其中，h为

普朗克常量。这些能量子后来称为光子。

按照爱因斯坦的理论（图4.2-3），当光子照到金属上

时，它的能量可以被金属中的某个电子全部吸收，金属中

的电子吸收一个光子获得的能量是 hv，在这些能量中，一

部分大小为W 的能量被电子用来脱离金属，剩下的是逸出

0

后电子的初动能，即

图4.2-3 纪念爱因斯坦光电效应

hv ＝ E ＋W

理论的邮票 k 0

或

E ＝ hv－W （1）

k 0

式中E 为光电子的最大初动能

k

1

E ＝ m v 2

k 2 e c

（1）式称为爱因斯坦光电效应方程。

从下面的讨论可以看出，爱因斯坦光电效应方程可以

很好地解释光电效应实验中的各种现象。

● 这个方程表明，只有当hv > W 时，光电子才可以从

0

E

k W

金属中逸出，v ＝ 0 就是光电效应的截止频率（图4.2-4）。

c h

● 这个方程还表明，光电子的最大初动能E 与入射光

k

电子逸出 的频率v有关，而与光的强弱无关。这就解释了遏止电压

O

v c v 和光强无关。

● 电子一次性吸收光子的全部能量，不需要积累能量

的时间，光电流自然几乎是瞬时产生的。

图4.2-4 光电效应的E-v图像 ● 对于同种频率的光，光较强时，单位时间内照射到

k

74 高中物理选择性必修第三册

论文中就提出了光子具有 与光的波长λ和普朗克常量h有关。这三个量之间的关系式为

动量。

h

p＝ （2）

λ

在康普顿效应中，当入射的光子与晶体中的电子碰撞

时，要把一部分动量转移给电子，因而，光子动量可能会

变小（图4.2-6）。从（2）式看，动量p减小，意味着波长

λ变大，因此，这些光子散射后波长变大。

h

h

λ′

电子

λ

碰撞前 碰撞后

图4.2-6 光子既有能量也有动量

基于这个假定的理论结果与实验符合得很好。康普顿

效应让人们对光子有了更深入的认识。康普顿因此获得了

1927年的诺贝尔物理学奖。

76 高中物理选择性必修第三册

科学家在研究稀薄气体放电时发现，当玻璃

管内的气体足够稀薄时，阴极就发出一种射线。

它能使对着阴极的玻璃管壁发出荧光，这种射线

的本质是什么呢？

这种射线称为阴极射线（cathode ray）。对这种射线本

质的认识有两种观点：一种观点认为，它是一种电磁辐射；

另一种观点认为，它是带电微粒。如何用实验判断哪一种

观点正确呢？

电子的发现

当时，两种观点的支持者争执不下，谁也说服不了

谁。为了找到有利于自己的证据，双方都做了许多实验。

英国物理学家J. J. 汤姆孙认为阴极射线是带电粒子流。为

了证实这一点，从1890年起他和他的助手进行了一系列

实验研究。图4.3-1是他当时使用的气体放电管的示意图。

由阴极K发出的带电粒子通过缝隙A、B形成一束细细的

射线。它穿过两片平行的金属板D 、D 之间的空间，到

1 2

达右端带有标尺的荧光屏上。根据射线产生的荧光的位置

(cid:8548)

(cid:16) P

3

K D

(cid:16) 1 P

D 1

2

A B

(cid:8548) P

2

J. J.汤姆孙（J. J. Thomson，1856—1940） 图4.3-1 J. J.汤姆孙的气体放电管的示意图

78 高中物理选择性必修第三册

年提出了一种模型。他认为，原子是一个球体，正电荷弥漫

性地均匀分布在整个球体内，电子镶嵌其中（图4.3-2）。有

人形象地把他的这个模型称为“西瓜模型”或“枣糕模型”。

这个模型能够解释一些实验现象。但德国物理学家勒

纳德1903年做了一个实验，使电子束射到金属膜上，发现

图4.3-2 J. J.汤姆孙的原子模型

较高速度的电子很容易穿透原子。这说明原子不是一个实

心球体，这个模型可能不正确。之后不久，α粒子散射实验

则完全否定了这个模型。

α粒子散射实验 α粒子是从放射性物质（如铀和镭）

中发射出来的快速运动的粒子，质量为氢原子质量的4 倍、

电子质量的7 300倍。

1909 年，英国物理学家卢瑟福指导他的助手盖革和马

斯顿进行α粒子散射实验的研究时，所用仪器的示意图如

图4.3-3 所示。α粒子源R是被铅块包围的，它发射的α粒

子经过一条细通道，形成一束射线，打在金箔F上。显微

镜M带有荧光屏S ，可以在水平面内转到不同的方向对散

射的α粒子进行观察。被散射的α粒子打在荧光屏上会有微

弱的闪光产生。通过显微镜观察闪光就可以记录在某一时

间内向某一方向散射的α粒子数。从α粒子放射源到荧光屏

卢瑟福（Ernest Rutherford，1871 —

1937） 这段路程处于真空中。

80 高中物理选择性必修第三册

把食盐放在火中灼烧，会发出黄色的光。食

盐为什么发黄光而不发其他颜色的光呢？

α粒子散射实验让我们知道原子具有核式结构，但电

子在原子核的周围怎样运动？这些需要根据其他事实才能

认识。

光谱

(cid:3440)(cid:7227) (cid:2202)

(cid:4277)(cid:5309) 用棱镜或光栅可以把物质发出的光按波长（频率）展

(cid:1046)(cid:3954)

开，获得波长（频率）和强度分布的记录（图4.4-1），即

光谱。有些光谱是一条条的亮线，叫作谱线，这样的光谱

叫作线状谱。有的光谱看起来不是一条条分立的谱线，而

图4.4-1 光谱的形成

是连在一起的光带，叫作连续谱。图4.4-2中最上一条是连

续谱，其他几条则既有线状分立谱又有连续谱。

气体中中性原子的发光光谱都是线状谱，说明原子只

发出几种特定频率的光。不同原子的亮线位置不同，说明

不同原子的发光频率是不一样的，因此，这些亮线称为原

子的特征谱线。

钨丝白炽灯的光谱

铁电极弧光的光谱

分子状态的氢光谱

钡光谱

图4.4-2 几种光谱

84 高中物理选择性必修第三册

究，人们终于认识到光既有粒子性，又有波动性。

我们已经认识到如电子、质子等实物粒子是

具有粒子性的，那么，实物粒子是否也会同时具

有波动性呢？

粒子的波动性

1924年，法国物理学家德布罗意在对光的波粒二象性、

玻尔氢原子理论以及相对论的深入研究的基础上，把波粒二

象性推广到实物粒子，如电子、质子等。他写道：“整个世

纪①以来，在光学上，与波动方面的研究相比，忽视了粒子

方面的研究；而在实物粒子的研究上，是否发生了相反的错

误呢？是不是我们把粒子方面的图像想得太多，而忽视了波

的现象？”他提出假设：实物粒子也具有波动性，即每一个

运动的粒子都与一个对应的波相联系。粒子的能量 ε 和动量

p 跟它所对应的波的频率v和波长 λ 之间，遵从如下关系

ε h

v ＝ ，λ ＝

h p

这种与实物粒子相联系的波后来被称为德布罗意波

（de Broglie wave），也叫作物质波（matter wave）。

物质波的实验验证

德布罗意关于实物粒子具有波动性的假说在当时来看

是难以理解的。真正判定这个假说是否“站得住脚”的只

_______________________

① 指19世纪。

92 高中物理选择性必修第三册

(cid:10077)(cid:3084)(cid:6875)(cid:3218) (cid:5347)(cid:4911)(cid:13443)(cid:5691)

都发现了经典物理学无法解释的现象。

(cid:1653)(cid:10849)(cid:6772)(cid:5056) (cid:10133)(cid:16980)(cid:8718)(cid:1395)(cid:16672)

(cid:10546)(cid:16614) 这些现象不是孤立的，而是在各类系统

(cid:7066)(cid:7235)(cid:1655)(cid:4964)(cid:18171)

h

中普遍存在的，且都和原子、分子等微

典物理学往往连实验结果的定性行为都无

(cid:5091)(cid:7066)(cid:19883) (cid:10471)(cid:4416)

(cid:6799)(cid:4400)(cid:10546)(cid:16614) (cid:8526)(cid:2251)(cid:4220)(cid:10546)(cid:16614)

法解释。这就表明，微观世界的物理规律和

宏观世界的物理定律可能存在巨大的差别，人

图4.5-3 一系列理论都和普朗克常量紧密相关 们需要建立描述微观世界的物理理论。

普朗克黑体辐射理论、爱因斯坦光电效应理论、康普

顿散射理论、玻尔氢原子理论以及德布罗意物质波假说等

一系列理论在解释实验方面都取得了成功。但它们中的每

性理论。值得注意的是，在这些成功的理论中，普朗克常

量都扮演了关键性的角色（图4.5-3）。这就预示着这些理

论之间存在着紧密的内在联系。在它们的背后，应该存在

着统一描述微观世界行为的普遍性规律。

人们在20世纪20年代成功地建立了这种普遍性理论。

1925年，德国物理学家海森堡和玻恩等人对玻尔的氢原子

理论进行了推广和改造，使之可以适用于更普遍的情况。

他们建立的理论被称为矩阵力学。很快，1926年，奥地利

物理学家薛定谔提出了物质波满足的方程——薛定谔方程

（图4.5-4）。把这个方程应用于氢原子，就能很容易得到氢

图4.5-4 薛定谔夫妇墓碑上方书

写的是薛定谔方程 原子光谱的公式。同时，这个方程还可以方便地应用于其

他的系统，使玻尔理论的局限得以消除。由于这个理论的

关键是物质波，因此被称为波动力学。1926年，薛定谔和

美国物理学家埃卡特很快又证明，波动力学和矩阵力学在

数学上是等价的，它们是同一种理论的两种表达方式。

随后数年，在以玻恩、海森堡、薛定谔以及英国的狄

拉克和奥地利的泡利为代表的众多物理学家的共同努力下，

描述微观世界行为的理论被逐步完善并最终完整地建立起

94 高中物理选择性必修第三册

理学家能一手把它发展成一个完整的理论体系。”

美国著名物理学家，原子弹之父奥本海默曾经在玻恩门下学习和研究量子力学。他后来曾生

动地描述量子力学创立阶段：“那是一个在实验室里耐心工作的时代，有许多关键性的实验和大

胆的决策，有许多错误的尝试和不成熟的假设。那是一个真挚通讯与匆忙会议的时代，有许多激

烈的辩论和无情的批评，里面充满了巧妙的数学性的论战方法。”

96 高中物理选择性必修第三册

（1）甲、乙两种光的频率，哪个大？ 波长之比为多少？

（2）乙、丙两种光的波长，哪个大？ 7. 图4-2是研究光电效应的实验装置，某

（3）乙、丙两种光所对应的截止频率，哪 同学进行了如下操作。

个大？ （1）用频率为v 的光照射光电管，此时电

1

（4）甲、丙两种光所产生光电子的最大初 流表中有电流。调节滑动变阻器，使电流表示

动能，哪个大？ 数恰好变为0，记下此时电压表的示数U 。

1

（2）用频率为v 的光照射光电管，重复

2

I

（1）中的步骤，记下电压表的示数U 。

甲 2

已知电子的电荷量为e，请根据以上实验，

乙

推导普朗克常量实验测定值的计算式。

丙

U c1 U c2 O U

图4-1

K A

(cid:4744)(cid:2659)

2. 一个电子与一个基态氢原子碰撞，刚好

A

使这个氢原子电离。这个电子的动能是多少？

V

3. 有些荧光物质在紫外线照射下会发出可见

a P b

光，大额钞票的荧光防伪标志就是一例。为什么

O

任何物质都不会在红外线照射下发出可见光？

4. 估算运动员跑步时的德布罗意波长，为

什么我们观察不到运动员的波动性？ 图4-2

B组

1. 用同一束单色光，在同一条件下先后照 （2） 光电子的逸出功。

射锌板和银板，都能产生光电效应。在以上两次 （3） 光电子的动能。

实验中，对于下列四个物理量，哪些是一定相同 （4） 光电子的最大动能。

的？哪些是可能相同的？哪些是一定不同的？ 2. 大量氢原子处于n＝1、2、3、4的四个

（1） 光子的能量。 状态，处于较高能级的原子可以向任意一个较

98 高中物理选择性必修第三册

关于原子核内部信息的研究，最早来自矿物

的天然放射现象。

那么，人们是怎样从破解天然放射现象入

手，一步步揭开了原子核秘密的呢？ 铀矿

天然放射现象

1896年，法国物理学家贝克勒尔发现，铀和含铀的矿

物能够发出看不见的射线，它能穿透黑纸使照相底片感光。

受到贝克勒尔的发现的鼓舞，波兰裔法国物理学家玛

丽·居里和她的丈夫皮埃尔·居里对铀和含铀的各种矿石

进行了深入研究。

他们研究了一种沥青铀矿，根据它的含铀量计算发出

的射线不会太强，但实际测得的射线要强得多。进一步研

究后，发现这种矿物中还存在着两种能够发出更强射线的

新元素，居里夫人把其中一种元素命名为钋（Po），另一种

元素命名为镭（Ra）。

玛丽·居里（Marie Curie，1867—

物质发出射线的性质称为放射性（radioactivity），具有 1934）和她的丈夫皮埃尔·居里

（Pièrre Curie，1859—1906）

放射性的元素称为放射性元素。后来发现，放射性并不是少

数元素才有的，原子序数大于83的元素，都能自发地发出

射线，原子序数小于或等于83的元素，有的也能发出射线。

放射性元素自发地发出射线的现象，叫作天然放射现象。

第五章 原子核 101

道的所有元素，结果发现钍也发射类似的射线。居里夫妇还发现，某些含有铀钍混合物矿石的辐

射强度比已测到的铀和钍的放射性强得多，他们大胆假定这些矿石中含有当时尚不知晓的某种其

他放射性元素，并一起开始了一项艰苦的工作：从沥青铀矿中分离这种新元素。1898年7月，他

们得到了一种放射性比铀强400倍的新元素，并把它命名为钋，以表达居里夫人对祖国波兰的热

爱。同年12月，他们又发现了放射性比铀强百万倍的镭。镭的发现再次轰动了科学界，但是也有

人怀疑它的存在。为了排除这一怀疑，居里夫妇经过艰苦繁重的工作，在几万次提炼之后，终于

在1902年从8 t沥青铀矿渣中提炼出0.12 g纯净的氯化镭，向世人证实了镭元素的存在。

居里夫妇和贝克勒尔由于对放射性的研究而一起获得1903年的诺贝尔物理学奖。在发现镭射

线的治癌功能后，他们认为这种济世救人之物应该属于全世界。当镭以昂贵的价格出现在市场上

时，他们自己却甘愿过着清贫的生活。居里夫人在1911年又因镭和钋的发现而获得了诺贝尔化学

奖，成为两次获得诺贝尔奖的科学家。

可能是由于长期受到射线的照射，居里夫人死于白血病。

106 高中物理选择性必修第三册

在古代，不论是东方还是西方，都有一批人

追求“点石成金”之术，他们试图利用化学方法

将一些普通的矿石变成黄金。当然，这些炼金术

士的希望都破灭了。

那么，真的存在能让一种元素变成另一种元

素的过程吗？

类似于“点石成金”的事一直就在自然界中进行着，

这就是伴随着天然放射现象发生的原子核“衰变”过程。

原子核的衰变

原子核自发地放出α粒子或β粒子，由于核电荷数变

了，它在元素周期表中的位置就变了，变成另一种原子核。

我们把这种变化称为原子核的衰变（decay）。

铀238放出一个α粒子后，质量数减少4，电荷数减少

2，成为新核。这个新核就是钍234（图5.2-1）。

铀238

α粒子

钍234

图5.2-1 α衰变

这种衰变过程叫作α衰变。这个过程可以用下面的衰

变方程表示

108 高中物理选择性必修第三册

人体甲状腺的工作需要碘，碘被吸收后聚集在甲状腺

内。如图5.2-8，给人注射碘的放射性同位素碘131，在颈

部底部的甲状腺（红色，部分被遮蔽），被放射性示踪剂

碘131高亮着色。定时用探测器测量甲状腺及邻近组织的

图5.2-8 碘131用于甲状腺疾病

放射强度，有助于诊断甲状腺的疾病。 的诊断

近年来，有关生物大分子的结构及其功能的研究，几

乎都要借助于示踪原子。

辐射与安全

人类一直生活在放射性的环境中。例如，地球上的每

个角落都有来自宇宙的射线，我们周围的岩石，其中也有

放射性物质。我们的食物和日常用品中，有的也具有放射

性，例如，食盐和有些水晶眼镜片中含有钾40，香烟中含

有钋210，这些也是放射性同位素，不过它们辐射的强度都

在安全剂量之内。

然而过量的射线对人体组织有破坏作用，这些破坏往

往是对细胞核的破坏，有时不会马上察觉。因此，在使用

放射性同位素时，必须严格遵守操作规程，注意人身安全，

当心电离辐射

同时，要防止放射性物质对空气、水源、用具等的污染。

存在射线危险的地方，常能看到如图5.2-9所示的标志。

图5.2-9 警告标志

第五章 原子核 113

10-15 m

原子核是由中子和质子构成的。在原子核

那样狭小的空间里，是什么力量把带正电的质

子紧紧地束缚在一起而不飞散开呢？

核力与四种基本相互作用

现代物理学认为，自然界存在着四种基本相互作用，

即引力相互作用、电磁相互作用、强相互作用和弱相互作

用。自然界中的各种力，都可以归结为这四种相互作用。

17世纪下半叶，人们发现了万有引力。正是万有引力

把行星和恒星聚在一起（图5.3-1），组成太阳系、银河系

和其他星系。引力是自然界的一种基本相互作用，地面物

体所受的重力只是引力在地球表面附近的一种表现。

19世纪后，人们逐渐地认识到，电荷间的相互作用、

图5.3-1 万有引力使众多恒星聚

磁体间的相互作用，从本质上说是同一种相互作用的不同

在一起形成星团

表现，这种相互作用称为电磁相互作用（electromagnetic

interaction）或电磁力。它也是自然界的一种基本相互作

用。我们知道，宏观物体中包含了大量带负电的电子和带

正电的原子核。宏观物体之间的压力、拉力、弹力、支持

力等，都起源于这些电荷之间的电磁相互作用。

20世纪，物理学家发现原子核是由若干带正电荷的

质子和不带电的中子组成的。然而，带正电的质子之间存

在相互排斥的电磁力，这种斥力比它们之间的万有引力大

得多，似乎质子与质子结合在一起是不可能的。物理学家

发现，原子核中的核子之间存在一种很强的相互作用，即

存在一种核力，它使得核子紧密地结合在一起，形成稳定

第五章 原子核 115

有引力而相互接近，运动速度越来越大，引力势能转化为

动能。最后撞在一起，一部分动能变成热并散失掉了。两

个物体为了结合而付出了代价——失去了一些能量，如果

要把它们分开，还要重新赋予它们能量。

类似地，要使基态氢原子电离，也就是要从氢原子中

把电子剥离，需要通过碰撞、施加电场、让氢原子吸收光

子等途径使它得到相应的能量。

思考与讨论

如图5.3-3，氦原子核是由两个质子和两个中子凭借核

核子分开 核子结合

吸收能量 放出能量

力结合在一起的，要把它们分开，需要吸收能量。反过来，

4个核子结合成氦原子核要放出能量。那么，把核子分开需

要的能量与核子结合放出的能量有什么关系？

图5.3-3

_______________________

① 1967 年，美国物理学家温伯格和巴基斯坦物理学家萨拉姆在美国物理学家格

拉肖前期工作的基础上提出了电弱统一理论，把电磁相互作用和弱相互作用统一

成了一种相互作用。他们三人因此获得了1979年的诺贝尔物理学奖。

116 高中物理选择性必修第三册

较重的核分裂成中等大小的核，较小的核合

并成中等大小的核的过程中，都有可能释放出能

量。核电站以及原子弹、氢弹等核武器，利用的

就是这些核能。在这些装置中，核能是怎样被转

化和使用的呢？

20世纪30年代，物理学家的一个重大发现改变了人类

历史。原子核在“分裂或聚合”时，会释放出惊人的能量。

核裂变的发现

1938年年底，德国物理学家哈恩和他的助手斯特拉斯

曼在用中子轰击铀核的实验中发现，生成物中有原子序数

为56的元素钡。奥地利物理学家迈特纳和弗里施对此给出

了解释：铀核在被中子轰击后分裂成两块质量差不多的碎

块（图5.4-1）。弗里施借用细胞分裂的生物学名词，把这

类核反应定名为核裂变（nuclear fission）。

氪89

中子

中子

中子

铀235

铀236

（不稳定） 中子

钡144

图5.4-1 核裂变示意图

铀核裂变的产物是多样的，一种典型的铀核裂变是生

成钡和氪（铀236为中间过程，不稳定），同时放出3个中

第五章 原子核 119

图中显示的是质子对质子碰撞后粒子的轨迹。

20世纪，人们通过对粒子碰撞和宇宙线的观测，

发现了很多新粒子。这些新发现的粒子分为哪几

类？彼此间有什么关系？

直到19世纪末，人们都认为原子是组成物质的不可再

分的最小微粒。后来发现了电子、质子和中子，并且知道

了原子核和电子组成了原子，质子和中子组成了原子核。

于是许多人认为光子、电子、质子和中子是组成物质的不

可再分的最基本的粒子，并把它们叫作“基本粒子”。然

而，随着科学的进一步发展，科学家们认识到这些粒子并

不“基本”。这是因为，一方面，科学家们逐渐发现了数以

百计的不同种类的新粒子，它们并不能看作由质子、中子、

电子组成的；另一方面，科学家们又发现质子、中子等本

身也有自己的复杂的结构。所以，从20世纪后半期起，就

将“基本”二字去掉，统称为粒子。

发现新粒子

从20 世纪30 年代以来，人们在对宇宙线的研究中陆

续发现了一些新的粒子。1932年发现了正电子，1937年发

正电子、μ子 反质子、电子中

微子

1931〜1940年 1941〜1950年 1951〜1960年 1961〜1970年

K介子和π介子 μ子中微子

表 部分新粒子的实验发现年代

126 高中物理选择性必修第三册

物理学中极其重要的重整化理论就是由此诞生的。

1942年，王淦昌提出证实中微子存在的一种实验方案：观察轻原子K俘获过程中的核反冲。

半年后，美国物理学家阿伦照此方案进行实验，找到了中微子。王淦昌还预言在100亿电子伏特

质子同步加速器上有可能找到反超子，并于1959年找到了一个与反西格玛负超子有关的实例。

1954年，杨振宁和美国物理学家米尔斯提出了杨－米尔斯规范场理论。后来的电弱统一理论

和量子色动力学都是在杨－米尔斯规范场理论的基础上建立的。

1956年，李政道和杨振宁提出，在弱相互作用过程中宇称不守恒，并提出了实验验证的建议。

1957年，吴健雄领导的小组在钴60的衰变中证实了宇称不守恒的论断。不久，宇称不守恒

在其他弱相互作用过程中也得到了证实。为此，杨振宁、李政道获得1957年的诺贝尔物理学奖。

1974年，丁肇中领导的小组发现了一种新的粒子。这种粒子有两个奇怪的性质：质量大，大

约是质子质量的3.3 倍；寿命长，比一般介子的寿命长5 000倍。这个发现证实了人们对存在第四

种夸克——粲夸克的预测。美国科学家里克特也在这一年独立地发现了这种粒子，丁肇中与里克

特共获1976 年的诺贝尔物理学奖。这种新粒子被命名为J/Ψ 介子。

练习与应用

1. 请设计和绘制一个合理的表格，在表格 2. 查找华人科学家在粒子物理领域的成果

中填入相关的内容，全面概括你对粒子分类的 和事迹，写一篇文章，并与同学交流。

了解。

130 高中物理选择性必修第三册

（可认为溶液已均匀分布），测得水样每分钟衰

（1）核反应堆中的“燃料”是235U，请完

变20次。请估算水库中水的体积。 92

成核反应方程式：

3. 两个氘核结合成一个氦核，已知氘核

235U＋ 1n 90Sr ＋（ ）Xe ＋10 1n

质量为2.014 1 u，氦核质量为4.002 6 u。求出 92 0 （ ） 54 0

（2）铀核的质量m 为235.043 9 u，中子的

1 kg氘完全结合成氦时可以释放出的能量。阿 U

质量m 为1.008 7 u，锶（Sr）核的质量m 为

伏加德罗常数N 为6.0×1023 mol-1，氘核的摩尔 n Sr

A

89.907 7 u，氙（Xe）核的质量m 为135.907 2 u，

质量为2 g/mol，l u相当于931.5 MeV的能量。 Xe

1 u为1.66×10-27 kg，浓缩铀中铀235的含

4. 钚的放射性同位素239Pu静止时衰变

94

量占2%。求一座100万千瓦的核电站每年

为铀核激发态235U*和α粒子，而铀核激发

92

（t＝3.15×107 s）大约需要多少吨浓缩铀。

态235U*立即衰变为铀核235U，并放出能量为

92 92

0.097 MeV的γ光子。已知239Pu的质量m 为

94 Pu

第五章 原子核 131

用燃气灶烧水时，怎样控制火力的大小来提高烧水效

影响燃气灶烧水效率的因素。① 燃气灶烧水时的能量转化和

转移的情况如下。

ΔU为水的内能变化量

给水加热：ΔU＋Q

1

Q 为热水散失给空气的热量

燃气燃烧放出热量Q 1

给空气加热：损失热量Q

2

用燃气灶烧水时，水的内能增加了，水的内能的变化

量ΔU就是燃气灶输出的有用能量。因此，燃气灶烧水的

ΔU

效率 η＝ ，而Q＝ΔU＋Q ＋Q ，这样，要提高燃气

Q 1 2

灶的烧水效率η，便要设法减小烧水过程中热水散失给空气

的热量Q 和火焰加热空气损失的热量Q 。

1 2

燃气灶火力如果太大，火焰散失在空气中的热量Q 相对

2

较多，会降低效率；调小火力，会延长烧水的时间，热水散

失给空气的热量Q 随加热时间延长而增大，也会降低效率。

1

怎样的火力有利于提高燃气灶烧水的效率呢？

热水散热损失（Q ）的研究及其启示

1

在一个水壶（燃气灶头和水壶吸收的热量忽略不计）

_______________________

① 水壶的质量和比热容都较小，以下不考虑其吸收的热量。

132 高中物理选择性必修第三册
