章节: 分子动理论 (起始页: 1)
  小节: 分子动理论的基本内容 (页码: 2)
  小节: 实验：用油膜法估测油酸分子的大小 (页码: 7)
  小节: 分子运动速率分布规律 (页码: 10)
  小节: 分子动能和分子势能 (页码: 14)
章节: 气体、固体和液体 (起始页: 18)
  小节: 温度和温标 (页码: 19)
  小节: 气体的等温变化 (页码: 23)
  小节: 气体的等压变化和等容变化 (页码: 26)
  小节: 固体 (页码: 31)
  小节: 液体 (页码: 36)
章节: 热力学定律 (起始页: 45)
  小节: 功、热和内能的改变 (页码: 46)
  小节: 热力学第一定律 (页码: 50)
  小节: 能量守恒定律 (页码: 54)
  小节: 热力学第二定律 (页码: 59)
章节: 原子结构和波粒二象性 (起始页: 66)
  小节: 普朗克黑体辐射理论 (页码: 67)
  小节: 光电效应 (页码: 71)
  小节: 原子的核式结构模型 (页码: 78)
  小节: 氢原子光谱和玻尔的原子模型 (页码: 84)
  小节: 粒子的波动性和量子力学的建立 (页码: 92)
章节: 原子核 (起始页: 100)
  小节: 原子核的组成 (页码: 101)
  小节: 放射性元素的衰变 (页码: 108)
  小节: 核力与结合能 (页码: 115)
  小节: 核裂变与核聚变 (页码: 119)
  小节: “基本”粒子 (页码: 126)
length of sentence is: 22
length of sentence is: 41
length of sentence is: 54
length of sentence is: 32
length of sentence is: 19
length of sentence is: 30
length of sentence is: 43
length of sentence is: 43
