满足条件的句子：
人们用肉眼无法直接看到分子，就是用高倍的光学显微镜也看不到。
扩散现象是物质分子永不停息地做无规则运动的证据之一。
扩散现象在科学技术中有很多应用。
布朗运动 19世纪初，一些人观察到，悬浮在液体中的小颗粒总在不停地运动。
当时布朗观察的是悬浮在水中的花粉微粒。
热运动 在扩散现象中，温度越高，扩散得越快。
观察布朗运动，温度越高，悬浮微粒的运动就越明显。
温度是分子热运动剧烈程度的标志。
原子内部有带正电的原子核和带负电的电子。
要研究气体的热现象，就要了解气体分子运动的特点。
液体变为气体后，体积要增大上千倍，可见，气体分子间距离大约是分子直径的10倍。
分子的大小相对分子间的空隙来说很小，所以，可以把气体分子视为质点。
分子的运动杂乱无章，在某一时刻，向着任何一个方向运动的分子都有，而且向各个方向运动的分子数目几乎相等。
器壁单位面积上受到的压力，就是气体的压强。
从微观角度来看，气体分子的数量是巨大的。
物体中分子热运动的速率大小不一，所以各个分子的动能也有大有小，而且在不断改变。
温度升高时，分子的热运动加剧，温度越高，分子热运动的平均动能越大。
温度越低，分子热运动的平均动能越小。
   分子势能分子间存在着相互作用力，可以证明分子间的作用力所做的功与路径无关，分子组成的系统具有分子势能。
任何物体都具有内能。
分子热运动的平均动能与温度有关，分子势能与物体的体积有关。
要定量地描述系统的状态往往很难，因为有时系统的参量会随时间变化。
现代科学中用得更多的是热力学温标。
法国科学家查理在分析了实验事实后发现，当一定质量的气体体积一定时，各种气体的压强与温度之间都有线性关系。
当压强很大、温度很低时，由上述规律计算的结果与实际测量结果有很大的差别。
实际气体的分子之间有相互作用力，但是作用力很小；分子也有大小，但气体分子之间的间距比分子直径大得多；气体分子与器壁碰撞几乎是弹性的，动能损失也很小。
在温度不低于零下几十摄氏度、压强不超过大气压的几倍时，把实际气体当成理想气体来处理，误差很小。
一定质量的某种理想气体，温度保持不变时，分子的平均动能是一定的。
一定质量的某种理想气体，温度升高时，分子的平均动能增大；只有气体的体积同时增大，使分子的数密度减小，才能保持压强不变。
一定质量的某种理想气体，体积保持不变时，分子的数密度保持不变。
食盐颗粒总是呈现立方体形，松香颗粒没有规则的几何形状。
石英、云母①、明矾、食盐、硫酸铜、味精等是晶体。
玻璃、蜂蜡、松香、沥青、橡胶等是非晶体。
非晶体没有规则的外形。
思考与讨论除了形状是否规则外，晶体和非晶体在物理性质上也有所不同。
蔗糖受潮后粘在一起形成的糖块，看起来没有确定的几何形状。
粘在一起的糖块也是多晶体，单个的蔗糖晶体颗粒是单晶体。
在20世纪70年代，人们又用电子显微镜观察到了铀、钍原子的像。
在各种晶体中，原子（或分子、离子）都是按照一定的规则排列的，具有空间上的周期性。
石墨是层状结构，层与层之间距离较大，原子间的作用力比较弱，所以石墨质地松软，可以用来制作粉状润滑剂；金刚石中碳原子间的作用力很强，所以金刚石有很大的硬度，可以用来切割玻璃。
有些非晶体在一定条件下也可以转化为晶体。
管的内径越小，上述现象就越明显。
有些物体内部有许多细小的孔道，孔道起到了毛细管的作用。
当液体和与之接触的固体的相互作用比液体分子之间的相互作用强时，液体能够浸润固体。
如果把水银滴到干净的铅板上，水银就会附着在铅板上，很难擦去。
   液晶液晶在现代生活中扮演着重要角色，广泛应用于手机屏幕、平板电视等显示设备中。
液晶态既具有液体的流动性，又在一定程度上具有晶体分子的规则排列的性质。
有些物质在特定的温度范围之内具有液晶态；另一些物质，在适当的溶剂中溶解时，在一定的浓度范围具有液晶态。
分子取向排列的液晶具有光学各向异性，具体地说，沿分子长轴方向上的折射率不同于沿短轴的。
入射光的偏振方向与液晶分子长轴的方向成不同夹角时，液晶对光的折射率不同。
液晶的研究在生命科学中也有应用。
从1840年开始，英国物理学家焦耳进行了多种多样的实验，以求精确测定外界对系统做功和传热对于系统状态的影响，以及功与热的相互关系。
一个是让重物下落带动叶片搅拌容器中的水，引起水温上升；另一个是通过电流的热效应给水加热。
当温度达到易燃物的燃点时，易燃物发生自燃。
以瓶内气体为研究对象，橡胶塞跳出后，瓶内的气体迅速膨胀，系统对外做功，因此，气体的内能迅速减少，瓶内气体温度迅速下降，瓶内水蒸气液化，就会出现大量的雾状小水滴。
外界对系统做功可以改变系统的热力学状态，而单纯地对系统传热也能改变系统的热力学状态。
（1）求上述压缩过程中气体内能的变化量。
所有自然现象都涉及能量，人类的任何活动都离不开能量。
能量具有不同的形式，有描述热运动的内能、描述机械运动的机械能、描述光辐射的光能，等等。
不同形式的运动都可以用能量来描述。
在认识自然的进程中，科学家慢慢知道了要用联系的观点去观察自然。
能量守恒观念的形成 由于能量既抽象又以各种不同的形式广泛存在，所以能量守恒思想的萌芽及产生并不是一蹴而就的。
从各种实验的验证，再到实验结果的被质疑，科学家们付出了大量的努力。
从18世纪末到19世纪中叶，不同领域的科学家从不同角度都提出过能量守恒的思想。
人类对能量守恒的认识经历了一个由浅入深、由含糊到清晰的过程。
俄国化学家盖斯的研究发现，任何一个化学反应，不论是一步完成，还是分几步完成，放出的总热量相同。
焦耳的实验精确地测量了做功与传热之间的等价关系，从而为能量守恒定律奠定了牢固的实验基础，也为能量守恒的定量描述迈出了重要的一步。
德国医生迈尔通过比对不同地区人血颜色的差异，认识到食物中化学能与内能的等效性，即生物体内能量的输入和输出是平衡的。
半个多世纪人类对能量以及能量守恒研究的历史，预示着人们把各分立的领域连成一体的时刻已经到来，也就是到了建立能量转化与守恒定律的时候了。
在热力学领域内，做功和传热可以改变系统的内能，即系统内能与系统外的能量会发生转化或转移，但能的总量不会改变。
能量守恒是自然界的普遍规律。
根据能量守恒定律，物理学发现和解释了很多科学现象。
在20世纪30年代初，奥地利物理学家泡利根据能量守恒定律预言了中微子。
能量守恒定律经受住了新的检验。
能量守恒定律的发现是科学史上的重大事件。
小鸭的头和身由两个玻璃球构成，并通过细玻璃管相连。
下球盛有一些乙醚，上球连同尖嘴被吸水毛毡包起来。
原来小鸭头部的毛毡“饮水”后，水蒸发吸热，导致头部温度降低。
永动机的思想违背了能量守恒定律，所以是不可能制成的。
应该指出的是，制造永动机的千万次失败使人们的头脑冷静下来，开始在更深层次寻找失败的原因。
练习与应用国科学院宣布“不再审查有关永动机的一切设计”。
思考与讨论在电冰箱的实例中，热量的确从低温物体——冰箱内的食品，传到了高温物体——冰箱外的空气。
   能源是有限的  自然界的一切变化，人类社会的所有活动，都伴随着能量的转移和转化，能量是一切物质运动的源泉，是一切生命活动的基础。
能量在数量上虽然守恒，但其转移和转化却具有方向性。
周围环境中的内能很难再利用，而机械能、光能、化学能、电能相对于周围环境中的内能来说，可利用的品质要高。
能源的使用过程中虽然能的总量保持守恒，但能量的品质下降了。
虽然能量总量不会减少，但能源会逐步减少，因此能源是有限的资源。
19世纪，由于冶金、星体测温等需求，人们对热辐射进行了大量的研究。
当时物理学家已有能力对热辐射的强度随波长的分布进行比较准确的测量。
从中可以看出，随着温度的升高，一方面，各种波长的辐射强度都有增加，另一方面，辐射强度的极大值向波长较短的方向移动。
德国物理学家维恩在1896 年、英国物理学家瑞利在1900 年，分别提出了辐射强度按波长分布的理论公式。
维恩公式在短波区与实验非常接近，在长波区则与实验偏离较大；瑞利公式在长波区与实验基本一致，但在短波区与实验严重不符。
为了得出同全部实验相符的黑体辐射公式，德国物理学家普朗克做了多种尝试。
弹簧振子的能量不一定是某个最小值的整数倍。
而普朗克的假设则认为微观粒子的能量是量子化的，或者说微观粒子的能量是分立的。
普朗克本人因此获得了1918年的诺贝尔物理学奖。
科学家通过实验发现了以下规律。
光越强，逸出的电子数越多，光电流也就越大。
从下面的讨论可以看出，爱因斯坦光电效应方程可以很好地解释光电效应实验中的各种现象。
● 电子一次性吸收光子的全部能量，不需要积累能量的时间，光电流自然几乎是瞬时产生的。
爱因斯坦由于提出了光电效应理论而获得1921年的诺贝尔物理学奖。
康普顿效应让人们对光子有了更深入的认识。
康普顿因此获得了1927年的诺贝尔物理学奖。
练习与应用   光的波粒二象性众所周知，在麦克斯韦的电磁理论建立之后，人们认识到光是一种电磁波，从而光的波动说被普遍接受，人们不再认为光是由粒子组成的。
人们意识到，光既具有波动性，又具有粒子性。
从牛顿的微粒说、惠更斯和托马斯·杨的波动说，到麦克斯韦的电磁理论，再到爱因斯坦的光子理论乃至量子电动力学，人类对光的认识构成了一部科学史诗。
为了找到有利于自己的证据，双方都做了许多实验。
由实验测得的阴极射线粒子的比荷是氢离子①（也就是质子）比荷的近两千倍。
但德国物理学家勒纳德1903年做了一个实验，使电子束射到金属膜上，发现较高速度的电子很容易穿透原子。
被散射的α粒子打在荧光屏上会有微弱的闪光产生。
通过显微镜观察闪光就可以记录在某一时间内向某一方向散射的α粒子数。
卢瑟福分析了实验数据后认为，事实应该是：占原子质量绝大部分的带正电的物质集中在很小的空间范围。
因为正电体很小，当α粒子进入原子区域后，大部分离正电体很远，受到的库仑斥力很小，运动方向几乎不改变。
按照卢瑟福的理论，正电体的尺度是很小的，称为原子核。
又由于原子是电中性的，可以推算出原子内含有的电子数。
通常用核半径描述核的大小。
有的光谱看起来不是一条条分立的谱线，而是连在一起的光带，叫作连续谱。
气体中中性原子的发光光谱都是线状谱，说明原子只发出几种特定频率的光。
 光谱的结果显示氢原子只能发出一系列特定波长的光。
巴耳末公式以简洁的形式反映了氢原子的线状光谱的特征。
核外电子受到原子核的库仑引力的作用，却没有被吸引到原子核上，而是在以一定的速度绕核运动。
但事实并非如此，原子是个很稳定的系统。
随着绕核运动轨道半径的不断变化，电子运动的频率也要不断变化，因此原子辐射电磁波的频率也要不断变化。
玻尔的原子结构假说包括以下两方面的内容。
轨道量子化与定态 玻尔认为，原子中的电子在库仑引力的作用下，绕原子核做圆周运动，服从经典力学的规律。
当电子在不同的轨道上运动时，原子处于不同的状态，具有不同的能量。
根据玻尔理论，电子只能在特定轨道上运动，因此，原子的能量也只能取一系列特定的值。
频率条件 按照玻尔的观点，电子在一系列定态轨道上运动，不会发生电磁辐射。
处于基态的原子非常稳定。
处于激发态的原子是不稳定的，会自发地向能量较低的能级跃迁，放出光子，最终回到基态。
由于原子的能级是分立的，所以放出的光子的能量也是分立的。
由于不同的原子具有不同的结构，能级各不相同，因此辐射（或吸收）的光子频率也不相同。
各种气体原子的能级不同，跃迁时发射光子的能量各异。
街道上的霓虹灯、试电笔中的氖管，都是由灯管内的气体原子从高能级向低能级跃迁而发光的。
食盐被灼烧时发的光，也主要是由食盐蒸气中钠原子的能级跃迁而造成的。
玻尔理论成功地解释了氢原子光谱的实验规律。
①玻尔理论的不足之处在于保留了经典粒子的观念，仍然把电子的运动看作经典力学描述下的轨道运动。
实际上，根据量子力学，原子中电子的坐标没有确定的值。
   粒子的波动性1924年，法国物理学家德布罗意在对光的波粒二象性、玻尔氢原子理论以及相对论的深入研究的基础上，把波粒二象性推广到实物粒子，如电子、质子等。
1929年，德布罗意因提出物质波的假说获得了诺贝尔物理学奖。
除了电子以外，后来还陆续证实了中子、质子以及原子、分子的波动性。
1925年，德国物理学家海森堡和玻恩等人对玻尔的氢原子理论进行了推广和改造，使之可以适用于更普遍的情况。
   量子力学的应用量子力学被应用到众多具体物理系统中，得到了与实验符合得很好的结果，获得了极大的成功。
借助量子力学，人们深入认识了微观世界的组成、结构和属性。
量子力学推动了核物理和粒子物理的发展。
而粒子物理学的发展又促进了天文学和宇宙学的研究。
从整个宇宙到微小的粒子，人类探索自然的视野前所未有的宽广。
人们惊讶地发现，世界具有奇妙的结构，最微观层次和最宏观层次的规律，竟有着紧密的联系。
核物理的发展，还让人们成功地认识并利用了原子核反应堆所释放的能量——核能。
”量子力学推动了原子、分子物理和光学的发展。
人们认识了原子的结构，以及原子、分子和电磁场相互作用的方式。
在此基础上，发展了各式各样的对原子和电磁场进行精确操控和测量的技术，如激光、核磁共振、原子钟，等等。
原子钟利用原子为电磁波校准频率，从而实现了对时间的高精度测量。
在日常生活和国家安全中发挥巨大作用的卫星定位技术，其核心部件就是原子钟。
量子力学推动了固体物理的发展。
人们了解了固体中电子运行的规律，并弄清了为什么固体有导体、绝缘体和半导体之分。
量子力学的应用还有很多。
毫不夸张地说，在过去的近一百年中，量子力学极大地推动了人类的进步。
受到贝克勒尔的发现的鼓舞，波兰裔法国物理学家玛丽·居里和她的丈夫皮埃尔·居里对铀和含铀的各种矿石进行了深入研究。
放射性元素自发地发出射线的现象，叫作天然放射现象。
 把放射源铀、钋或镭放入用铅做成的容器中，射线只能从容器的小孔射出，成为细细的一束。
α粒子带正电，电荷量是电子的2倍，质量是氢原子的4倍，其组成与氦原子核相同。
由于α粒子带电，质量又比较大，通过气体时很容易把气体分子中的电子剥离，使气体电离。
β射线的电离作用较弱，穿透能力较强，很容易穿透黑纸，也能穿透几毫米厚的铝板。
γ射线的电离作用更弱，穿透能力更强，甚至能穿透几厘米厚的铅板和几十厘米厚的混凝土。
放射性的强度也不受温度、外界压强的影响。
绝大多数原子核的质量与电荷量之比都大于质子的相应比值。
以后，人们用同样的方法从氟、钠、铝等原子核中都打出了质子，由此断定，质子是原子核的组成部分。
 由于中子不带电，原子核所带的电荷等于核内质子电荷的总和。
 元素的性质与原子核外的电子有密切的关系。
铀238放出一个α粒子后，质量数减少4，电荷数减少2，成为新核。
此时原子核就发生了α衰变。
原子核的能量也跟原子的能量一样，其变化是不连续的，也只能取一系列不连续的数值，因此，也存在着能级，同样是能级越低越稳定。
当放射性物质连续衰变时，原子核中有的发生α衰变，有的发生β衰变，同时伴随着γ射线辐射。
不同的放射性元素，半衰期不同，甚至差别非常大。
放射性元素衰变的快慢是由核内部自身的因素决定的，跟原子所处的化学状态和外部条件没有关系。
与衰变过程一样，在核反应中，质量数守恒、电荷数守恒。
天然放射性同位素不过40多种，而今天通过核反应生成的人工放射性同位素已达3 000多种，每种元素都有了自己的放射性同位素。
丰富的放射性同位素资源在国民经济和科学研究的各个领域中得到了广泛的应用。
射线测厚仪 工业部门可以使用放射性同位素发出的射线来测厚度。
像癌细胞那样，不断迅速繁殖的、无法控制的细胞组织，在射线照射下破坏得比健康细胞快。
由此可知，一种元素的各种同位素都有相同的化学性质。
棉花在开花、结桃的时候需要较多的磷肥，把磷肥喷在棉花叶子上，磷肥也能被吸收。
如果用磷的放射性同位素制成肥料喷在棉花的叶面上，然后每隔一定时间用探测器测量棉株各部位的放射性强度，上面的问题就解决了。
定时用探测器测量甲状腺及邻近组织的放射强度，有助于诊断甲状腺的疾病。
近年来，有关生物大分子的结构及其功能的研究，几乎都要借助于示踪原子。
17世纪下半叶，人们发现了万有引力。
20世纪，物理学家发现原子核是由若干带正电荷的质子和不带电的中子组成的。
19世纪末20世纪初，物理学家发现了放射现象。
① 弱相互作用是引起原子核β衰变的原因，即引起中子—质子转变的原因。
相距很远的两个物体，由于万有引力而相互接近，运动速度越来越大，引力势能转化为动能。
最后撞在一起，一部分动能变成热并散失掉了。
比结合能越大，原子核中核子结合得越牢固，原子核越稳定。
20世纪30年代，物理学家的一个重大发现改变了人类历史。
原子核在“分裂或聚合”时，会释放出惊人的能量。
以铀235为例，核裂变时产生两或三个中子。
原子核的体积非常小，原子内部的空隙很大，如果铀块不够大，中子在铀块中通过时，很有可能碰不到铀核而跑到铀块外面去，链式反应不能继续。
铀核裂变时如果生成物不同，释放的能量也有差异。
其实，在第一个原子弹制成以前，科学家们已经实现了核能的可控释放。
常用的慢化剂有石墨、重水和普通水（也叫轻水）。
为了调节中子数目以控制反应速度，还需要在铀棒之间插进一些镉棒。
核燃料发生核裂变释放的能量使反应区温度升高。
水或液态的金属钠等流体在反应堆内外循环流动，把反应堆内的热量传输出去，用于发电，同时也使反应堆冷却。
在热交换器内，第二回路中的水被加热生成高温高压蒸汽，驱动汽轮机运转。
建造核电站时需要特别注意防止放射线和放射性物质的泄漏，以避免射线对人体的伤害和放射性物质对水源、空气和工作场所造成放射性污染。
核反应堆中的核废料具有很强的放射性，需要装入特制的容器，深埋地下。
当物质的温度达到几百万开尔文时，剧烈的热运动使得一部分原子核具有足够的动能，可以克服库仑斥力，碰撞时十分接近，发生核聚变。
太阳的主要成分是氢。
现在地球上消耗的能量，追根溯源，绝大部分还是来自太阳，即太阳内部核聚变时释放的核能。
太阳在“核燃烧”的过程中“体重”不断减轻。
太阳的寿命已经有50亿年了。
目前，人工产生的热核反应主要用在核武器上，那就是氢弹。
与核裂变相比，核聚变有很多优点。
总的来说，实现受控核聚变还有一段很长的路要走。
直到19世纪末，人们都认为原子是组成物质的不可再分的最小微粒。
1932年发明的粒子加速器，能使带电粒子加速到很高的能量。
利用加速器和对撞机，人们发现了更多的粒子。
粒子物理的研究不再单纯依赖宇宙线。
高能量的对撞机往往极为庞大和复杂。
强子 强子是参与强相互作用的粒子。
质子和中子都是强子。
每种轻子都有对应的反粒子。
现代实验还没有发现轻子的内部结构。
光子传递电磁相互作用，中间玻色子传递弱相互作用，胶子传递强相互作用。
基本粒子因与希格斯场耦合而获得质量。
① 燃气灶烧水时的能量转化和转移的情况如下。
记录数据时室温为26 ℃，基本上保证了实验环境温度的恒定。
为减小水在高温时的放热损失，应缩短水在高温时的加热时间。
用实验检验研究结论的正确性。
如果已知被加热水的体积，查找燃气的热值，还可以算出两种情况下热效率的大小。
