章节: 静电场及其应用 (起始页: 1)
  小节: 电荷 (页码: 2)
  小节: 库仑定律 (页码: 6)
  小节: 电场   电场强度 (页码: 11)
  小节: 静电的防止与利用 (页码: 18)
章节: 静电场中的能量 (起始页: 25)
  小节: 电势能和电势 (页码: 26)
  小节: 电势差 (页码: 31)
  小节: 电势差与电场强度的关系 (页码: 35)
  小节: 电容器的电容 (页码: 38)
  小节: 带电粒子在电场中的运动 (页码: 44)
章节: 电路及其应用 (起始页: 52)
  小节: 电源和电流 (页码: 53)
  小节: 导体的电阻 (页码: 57)
  小节: 实验：导体电阻率的测量 (页码: 62)
  小节: 串联电路和并联电路 (页码: 68)
  小节: 实验：练习使用多用电表 (页码: 72)
章节: 电能  能量守恒定律 (起始页: 78)
  小节: 电路中的能量转化 (页码: 79)
  小节: 闭合电路的欧姆定律 (页码: 83)
  小节: 实验：电池电动势和内阻的测量 (页码: 89)
  小节: 能源与可持续发展 (页码: 93)
章节: 电磁感应与电磁波初步 (起始页: 103)
  小节: 磁场 磁感线 (页码: 104)
  小节: 磁感应强度 磁通量 (页码: 109)
  小节: 电磁感应现象及应用 (页码: 114)
  小节: 电磁波的发现及应用 (页码: 119)
  小节: 能量量子化 (页码: 124)

解析小节: 电荷 (起始页: 6, 结束页: 9)
知识点标题: 电荷
公元前600年左右，古希腊学者泰勒斯就发现摩擦过的琥珀吸引轻小物体的现象。
此语意为摩擦过的琥珀能吸引像草芥一类的轻小物体。
自然界的电荷只有两种。
正电荷的电荷量为正值，负电荷的电荷量为负值。
每个原子中质子的正电荷数量与电子的负电荷数量一样多，所以整个原子对外界表现为电中性。
原子内部的质子和中子被紧密地束缚在一起构成原子核，原子核的结构一般是很稳定的。
通常离原子核较远的电子受到的束缚较弱，容易受到外界的作用而脱离原子。
当两种物质组成的物体互相摩擦时，一些受束缚较弱的电子会转移到另一个物体上。
不同物质的微观结构不同，由于原子或分子间的相互作用，原子中电子的多少和运动状况也不相同。
绝缘体中几乎不存在能自由移动的电荷。
知识点标题: 静电感应
当一个带电体靠近导体时，由于电荷间相互吸引或排斥，导体中的自由电荷便会趋向或远离带电体，使导体靠近带电体的一端带异种电荷，远离带电体的一端带同种电荷。
利用静电感应使金属导体带电的过程叫作感应起电。
知识点标题: 电荷守恒定律
静电感应过程中导体中的自由电荷只是从导体的一部分转移到另一部分。
近代物理实验发现，在一定条件下，带电粒子可以产生或湮没。
不带电，所以电荷的代数和仍然不变。
知识点标题: 元电荷
迄今为止，实验发现的最小电荷量就是电子所带的电荷量。
在密立根实验之后，人们又做了许多测量。
比荷也是一个重要的物理量。
[{'title': '电荷', 'options': []}, {'title': '静电感应', 'options': []}, {'title': '电荷守恒定律', 'options': []}, {'title': '元电荷', 'options': []}]

解析小节: 库仑定律 (起始页: 10, 结束页: 14)
知识点标题: 电荷之间的作用力
通过上面的实验可以看到，电荷之间的作用力随着电荷量的增大而增大，随着距离的增大而减小。
事实上，电荷之间的作用力与万有引力是否相似的问题早已引起当年一些研究者的注意，英国科学家卡文迪什和普里斯特利等人都确信“平方反比”规律适用于电荷间的力。
任何带电体都有形状和大小。
知识点标题: 库仑的实验
库仑做实验用的装置叫作库仑扭秤。
知识点标题: 静电力计算
差不多相当于一百万吨的物体所受的重力！
通常，一把梳子和衣袖摩擦后所带的电荷量不到百万分之一库仑，但天空中发生闪电之前，巨大的云层中积累的电荷量可达几百库仑。
试比较氢原子核与电子之间的静电力和万有引力。
库仑定律描述的是两个点电荷之间的作用力。
库仑定律是电磁学的基本定律之一。
库仑定律给出的虽然是点电荷之间的静电力，但是任何一个带电体都可以看成是由许多点电荷组成的。
[{'title': '电荷之间的作用力', 'options': []}, {'title': '库仑的实验', 'options': []}, {'title': '静电力计算', 'options': []}]

解析小节: 电场   电场强度 (起始页: 15, 结束页: 21)
知识点标题: 电场
电场以及磁场已被证明是一种客观存在。
场像分子、原子等实物粒子一样具有能量，因而场也是物质存在的一种形式。
应该指出，只有在研究运动的电荷，特别是运动状态迅速变化的电荷时，上述场的物质性才突显出来。
知识点标题: 电场强度
电场是在与电荷的相互作用中表现出自己的特性的。
物理学中规定，电场中某点的电场强度的方向与正电荷在该点所受的静电力的方向相同。
知识点标题: 点电荷的电场    电场强度的叠加
知识点标题: 电场线
除了用数学公式描述电场外，形象地了解和描述电场中各点电场强度的大小和方向也很重要。
知识点标题: 匀强电场
由于方向相同，匀强电场中的电场线应该是平行的；又由于电场强度大小相等，电场线的疏密程度应该是相同的。
[{'title': '电场', 'options': []}, {'title': '电场强度', 'options': []}, {'title': '点电荷的电场\u2003\u2003\u2003\u2003电场强度的叠加', 'options': []}, {'title': '电场线', 'options': []}, {'title': '匀强电场', 'options': []}]

解析小节: 静电的防止与利用 (起始页: 22, 结束页: 28)
知识点标题: 静电平衡
处于静电平衡状态的导体，其内部的电场强度处处为0。
知识点标题: 尖端放电
静电平衡时，导体内部没有净剩电荷，电荷只分布在导体的外表面。
并且在导体外表面，越尖锐的位置，电荷的密度（单位面积的电荷量）越大，周围的电场强度越大。
第九章静电场及其应用19在一定条件下，导体尖端周围的强电场足以使空气中残留的带电粒子发生剧烈运动，并与空气分子碰撞从而使空气分子中的正负电荷分离。
中性的分子电离后变成带负电的自由电子和失去电子而带正电的离子。
当带电的雷雨云接近建筑物时，由于静电感应，金属棒出现与云层相反的电荷。
尖端放电会导致高压设备上电能的损失，所以高压设备中导体的表面应该尽量光滑。
知识点标题: 静电屏蔽
处于静电平衡状态的导体内部没有电荷，电荷只分布在导体的外表面。
实现静电屏蔽不一定要用密封的金属容器，金属网也能起到屏蔽作用。
静电的危害可能随时发生。
知识点标题: 静电吸附
静电虽然会有危害，但也可以利用。
在电场中，带电粒子受到静电力的作用，向着电极运动，最后会被吸附在电极上。
静电除尘用于粉尘较多的各种场所，除去有害的微粒，或者回收物资，如回收水泥粉尘。
复印机也应用了静电吸附。
[{'title': '静电平衡', 'options': []}, {'title': '尖端放电', 'options': []}, {'title': '静电屏蔽', 'options': []}, {'title': '静电吸附', 'options': []}]

解析小节: 电势能和电势 (起始页: 30, 结束页: 34)
知识点标题: 静电力做功的特点
节前“问题”中电荷所减少的能量，必定跟静电力做的功相关。
静电力做功具有跟重力做功一样的特点，即静电力做功的多少与路径无关，只与电荷在电场中的始、末位置有关。
知识点标题: 电势能
应该注意，静电力做的功只能决定电势能的变化量，而不能决定电荷在电场中某点电势能的数值。
通常把电荷在离场源电荷无限远处的电势能规定为0，或把电荷在大地表面的电势能规定为0。
重力势能属于地球和物体组成的系统，是地球和物体相互作用产生的。
知识点标题: 电势
在规定了零电势点之后，电场中各点的电势可以是正值，也可以是负值。
电势只有大小，没有方向，是个标量。
[{'title': '静电力做功的特点', 'options': []}, {'title': '电势能', 'options': []}, {'title': '电势', 'options': []}]

解析小节: 电势差 (起始页: 35, 结束页: 38)
知识点标题: 电势差
选择不同的位置作为零电势点，电场中某点电势的数值也会改变，但电场中某两点之间电势的差值却保持不变。
知识点标题: 等势面
与电场线的功能相似，等势面也是用来形象地描绘电场的。
在同一个等势面上，任何两点的电势都相等。
[{'title': '电势差', 'options': []}, {'title': '等势面', 'options': []}]

解析小节: 电势差与电场强度的关系 (起始页: 39, 结束页: 41)
[]

解析小节: 电容器的电容 (起始页: 42, 结束页: 47)
知识点标题: 电容器
在两个相距很近的平行金属板中间夹上一层绝缘物质——电介质（空气也是一种电介质），就组成一个最简单的电容器，叫作平行板电容器。
实际上，任何两个彼此绝缘又相距很近的导体，都可以看成一个电容器。
知识点标题: 电容
以上实验表明，电容器的电荷量变为原来的一半时，其两极板间的电势差也变为原来的一半。
知识点标题: 常用电容器
常用的电容器，从构造上看，可以分为固定电容器和可变电容器两类。
固定电容器的电容是固定不变的。
常用的有聚苯乙烯电容器和电解电容器。
改变铝箔的面积和薄膜的厚度，可以制成不同电容的聚苯乙烯电容器。
以陶瓷为电介质的固定电容器也很多。
由于氧化膜很薄，所以电容较大。
固定的一组铝片叫作定片，可以转动的一组铝片叫作动片。
转动动片，使两组铝片的正对面积发生变化，电容就随着改变。
超级电容器的充电时间短，储存电能多，放电功率大，使用寿命长。
[{'title': '电容器', 'options': []}, {'title': '电容', 'options': []}, {'title': '常用电容器', 'options': []}]

解析小节: 带电粒子在电场中的运动 (起始页: 48, 结束页: 55)
知识点标题: 带电粒子在电场中的加速
在现代科学实验和技术设备中，常常利用电场来改变或控制带电粒子的运动。
利用电场使带电粒子加速，就是其中一种简单的情况。
分析带电粒子加速的问题，常常有两种思路：一种是利用牛顿第二定律结合匀变速直线运动公式来分析；另一种是利用静电力做功结合动能定理来分析。
当解决的问题属于匀强电场且涉及运动时间等描述运动过程的物理量时，适合运用前一种思路分析；当问题只涉及位移、速率等动能定理公式中的物理量或非匀强电场情景时，适合运用后一种思路分析。
第十章静电场中的能量45对偶数圆筒的电势差为正值，此时位于和偶数圆筒相连的金属圆板（序号为0）中央的一个电子，在圆板和圆筒1之间的电场中由静止开始加速，沿中心轴线冲进圆筒1。
为使电子运动到圆筒与圆筒之间各个间隙中都能恰好使静电力的方向跟运动方向相同而不断加速，圆筒长度的设计必须遵照一定的规律。
知识点标题: 带电粒子在电场中的偏转
在匀强电场中，带电粒子的运动轨迹是一条抛物线，类似平抛运动的轨迹。
[{'title': '带电粒子在电场中的加速', 'options': []}, {'title': '带电粒子在电场中的偏转', 'options': []}]

解析小节: 电源和电流 (起始页: 57, 结束页: 60)
知识点标题: 电源
手电筒中的小灯泡能持续发光，是因为电路中有电源，使得电路中的电流能够持续存在。
知识点标题: 恒定电流
在恒定电场的作用下，导体中的自由电荷做定向运动，在运动过程中与导体内不动的粒子不断碰撞，碰撞阻碍了自由电荷的定向运动，结果是大量自由电荷定向运动的平均速率不随时间变化。
单位时间内通过导体横截面的电荷量越多，电流就越大。
[{'title': '电源', 'options': []}, {'title': '恒定电流', 'options': []}]

解析小节: 导体的电阻 (起始页: 61, 结束页: 65)
知识点标题: 电阻
选取一个导体，研究导体两端的电压随导体中的电流的变化情况。
知识点标题: 影响导体电阻的因素
知识点标题: 导体的电阻率
从表中可以看出，纯金属的电阻率较小，合金的电阻率较大。
连接电路的导线一般用电阻率小的铜来制作，必要时可在导线表面镀银。
由于用电器的电阻通常远大于导线的电阻，一般情况下，可以认为导线电阻为0。
有些合金，如锰铜合金和镍铜合金，电阻率几乎不受温度变化的影响，常用来制作标准电阻。
从上述关系式可以看出，在长度、横截面积一定的条件下，ρ越大，导体的电阻越大。
金属的电阻率随温度的升高而增大。
精密的电阻温度计是用铂做的。
已知铂丝的电阻随温度的变化情况，测出铂丝的电阻就可以知道温度。
当温度降低时，导体的电阻率将会减小。
若用超导材料形成回路，一旦回路中有了电流，电流就将无损耗地持续下去。
[{'title': '电阻', 'options': []}, {'title': '影响导体电阻的因素', 'options': []}, {'title': '导体的电阻率', 'options': []}]

解析小节: 实验：导体电阻率的测量 (起始页: 66, 结束页: 71)
知识点标题: 实验1   长度的测量及测量工具的选用
长度是物理学中基本的物理量，长度的测量是最基本的测量。
根据测量要求的不同，可以选用不同的测量工具。
知识点标题: 游标卡尺
当外（内）测量爪一侧的两个刃接触时，游标尺上的零刻度线与主尺上的零刻度线正好对齐。
合起来，就是被测物体的长度。
请练习使用游标卡尺测量以下物体的尺寸。
（1）用游标卡尺的外测量爪测量小钢球的直径、小圆管的外径、教科书的厚度等。
（2）用游标卡尺的内测量爪测量小圆管的内径、槽的宽度等。
知识点标题: 螺旋测微器
知识点标题: 实验2 金属丝电阻率的测量
知识点标题: 实验思路
知识点标题: 物理量的测量
电阻丝长度的测量工具应选用刻度尺。
使用螺旋测微器测量以下物体的尺寸。
（2）测量头发丝的直径。
因为电阻丝比较细，所以直接用刻度尺测量就会产生比较大的误差。
下面提供了几种测量直径的方案供大家选用。
知识点标题: 数据分析
将三个测量值代入上述公式，计算得出导体的电阻率。
[{'title': '实验1\u2003\u2003\u2003长度的测量及测量工具的选用', 'options': []}, {'title': '游标卡尺', 'options': []}, {'title': '螺旋测微器', 'options': []}, {'title': '实验2\u2003金属丝电阻率的测量', 'options': []}, {'title': '实验思路', 'options': []}, {'title': '物理量的测量', 'options': []}, {'title': '数据分析', 'options': []}]

解析小节: 串联电路和并联电路 (起始页: 72, 结束页: 75)
知识点标题: 串、并联电路中的电流
知识点标题: 串、并联电路中的电压
同样，几个电阻右边的电势也相同。
知识点标题: 串、并联电路中的电阻
知识点标题: 电压表和电流表的电路结构
常用的电压表和电流表都是由小量程的电流表（表头）改装而成的。
表头的工作原理涉及磁场对通电导线的作用。
从电路的角度看，表头就是一个电阻，同样遵从欧姆定律。
电流表可以看作一个电流可读的“小电阻”。
[{'title': '串、并联电路中的电流', 'options': []}, {'title': '串、并联电路中的电压', 'options': []}, {'title': '串、并联电路中的电阻', 'options': []}, {'title': '电压表和电流表的电路结构', 'options': []}]

解析小节: 实验：练习使用多用电表 (起始页: 76, 结束页: 81)
知识点标题: 认识多用电表
表的上半部分为表盘，下半部分是选择开关，开关周围标有测量功能的区域及量程。
知识点标题: 使用多用电表
使用前应该调整指针定位螺丝，使指针指到零刻度。
使用时，应先将选择开关旋转到与被测物理量对应的位置上并选择合适的量程。
将多用电表的选择开关旋至直流电压挡，注意选择大于小灯泡两端电压估计值的量程。
根据表盘上相应量程的直流电压刻度进行读数，记录小灯泡两端的电压值。
将多用电表的选择开关旋至直流电流挡，注意选择大于通过小灯泡电流估计值的量程。
闭合开关，根据表盘上相应量程的直流电流刻度进行读数，记录通过小灯泡的电流值。
使用多用电表的欧姆挡测电阻时，如果指针偏转过大、过小，读数误差都会比较大。
如果不能估计未知电阻的大小，可以先用中等倍率的某个欧姆挡试测，然后根据读数的大小选择合适的挡位再次测量，电阻值为读数乘倍率。
数字式多用电表的测量值以数字形式直接显示，使用方便。
[{'title': '认识多用电表', 'options': []}, {'title': '使用多用电表', 'options': []}]

解析小节: 电路中的能量转化 (起始页: 83, 结束页: 86)
知识点标题: 电功和电功率
电流做功的实质是，导体中的恒定电场对自由电荷的静电力在做功。
知识点标题: 焦耳定律
电流做功，究竟电能会转化为哪种形式的能量，要看电路中有哪种类型的用电器。
是指电流通过导体发热的功率。
知识点标题: 电路中的能量转化
从能量转化与守恒的角度看，电动机从电源获得能量，一部分转化为机械能，还有一部分转化为内能。
电动机的转子与轴承均有摩擦，另外还有空气阻力。
同样，对于正在充电的电池，电能除了转化为化学能之外，还有一部分转化为内能。
[{'title': '电功和电功率', 'options': []}, {'title': '焦耳定律', 'options': []}, {'title': '电路中的能量转化', 'options': []}]

解析小节: 闭合电路的欧姆定律 (起始页: 87, 结束页: 92)
知识点标题: 电动势
在金属导体中，能够自由移动的电荷是自由电子。
在电源内部，存在着由正极指向负极的电场。
在电源内部，电源移动电荷，增加电荷的电势能。
电动势由电源中非静电力的特性决定，跟外电路无关。
对于常用的干电池来说，电动势跟电池的体积无关。
知识点标题: 闭合电路欧姆定律及其能量分析
知识点标题: 路端电压与负载的关系
负载变化时，电路中的电流就会变化，路端电压也随之变化。
电流过大，会导致温度过高，烧坏电源，甚至引起火灾。
[{'title': '电动势', 'options': []}, {'title': '闭合电路欧姆定律及其能量分析', 'options': []}, {'title': '路端电压与负载的关系', 'options': []}]

解析小节: 实验：电池电动势和内阻的测量 (起始页: 93, 结束页: 96)
知识点标题: 实验思路
电动势和内阻都是电源的重要参数。
根据闭合电路欧姆定律，有多种方法可以测定电池的电动势和内阻。
知识点标题: 物理量的测量
只有多次测量，并对数据进行处理，才能减小误差。
知识点标题: 数据分析
采用另外一种方法，也能减小误差，而且更简便、直观。
[{'title': '实验思路', 'options': []}, {'title': '物理量的测量', 'options': []}, {'title': '数据分析', 'options': []}]

解析小节: 能源与可持续发展 (起始页: 97, 结束页: 106)
知识点标题: 能量转移或转化的方向性
科学家研究发现，一切与热现象有关的宏观自然过程都是不可逆的。
虽然能量是守恒的，但是，在自然界中，能量的转化过程有些是可以自然发生的，有些则不能。
旦把热量释放出去，就不会再次自动聚集起来供人类重新利用。
能量的耗散表明，在能源的利用过程中，能量在数量上虽未减少，但在可利用的品质上降低了，从便于利用的能源变成不便于利用的能源。
知识点标题: 能源的分类与应用
太阳能的利用对环境的影响很小。
利用太阳能最有前途的领域是，通过太阳能电池将太阳能直接转化成电能。
水能是可再生能源，水电站是利用水能的重要形式。
水电对环境的影响比火电小，发电成本低。
为了增加风力发电的功率，通常把很多风车建在一起，成为“风车田”。
一些质量较大的原子核在裂变成较轻的原子核时，会释放出惊人的能量。
同样质量的化学燃料与核燃料相比，如果都进行了完全反应，核燃料释放出的能量要远远大于化学燃料释放出的能量。
可控制的裂变反应所释放出的能量，可以很好地被人们所利用。
核电站就是利用可控核裂变来发电的。
人们预计21世纪中叶，核聚变会有重大的技术突破。
由于核电站一旦发生核泄漏事故，就可能发生严重的危害，同时核废料仍然具有放射性，因此科学家制定了严格的安全措施和安全标准。
知识点标题: 能源与社会发展
自工业革命以来，煤和石油成为人类的主要能源。
18世纪末发明和逐步完善的蒸汽机，以对化石能源的大规模利用为特征，开始了人类文明的新纪元。
内燃机的发展则强有力地推动了19世纪末、20世纪初开始的机械化与电气化进程。
到了20世纪50年代，世界石油和天然气的消耗量超过了煤炭。
能源科技的每一次突破，都带来了生产力的巨大飞跃和社会的进步。
能源是人类社会活动的物质基础。
内燃机工作时的高温使空气和燃料中的多种物质发生化学反应，产生氮的氧化物和碳氢化合物。
燃烧时产生的浮尘也是主要的污染物。
随着人口迅速增长、经济快速发展以及工业化程度的提高，能源短缺和过度使用化石能源带来的环境恶化已经成为关系到人类社会能否持续发展的大问题。
人类的生存与发展需要能源，能源的开发与使用又会对环境造成影响。
可持续发展的核心是追求发展与资源、环境的平衡：既满足当代人的需求，又不损害子孙后代的需求。
立新的能源安全观，并转变能源的供需模式。
[{'title': '能量转移或转化的方向性', 'options': []}, {'title': '能源的分类与应用', 'options': []}, {'title': '能源与社会发展', 'options': []}]

解析小节: 磁场 磁感线 (起始页: 108, 结束页: 112)
知识点标题: 电和磁的联系
自然界中的磁体总存在着两个磁极，自然界中同样存在着两种电荷。
不仅如此，磁极之间的相互作用，与电荷之间的相互作用具有相似的特征：同名磁极或同种电荷相互排斥，异名磁极或异种电荷相互吸引。
丹麦物理学家奥斯特相信，电和磁之间应该存在某种联系，并开始了不懈的探索。
知识点标题: 磁场
”自奥斯特实验之后，安培等人又做了很多实验研究。
正像在电场中可以用电场线来描述电场一样，利用磁感线可以形象地描述磁场。
知识点标题: 安培定则
实验表明，改变电流的方向，各点的磁场方向都变成相反的方向。
知识点标题: 磁感线
通电螺线管可以看作许多匝环形电流串联而成。
与天然磁体的磁场相比，电流磁场的强弱容易控制，因而在实际中有很多重要的应用。
电磁起重机、电动机、发电机，以及在自动控制中普遍应用的电磁继电器等，都离不开电流的磁场。
近些年来，随着超导、新材料等技术的运用，人们可以较方便地获得大电流和强磁场。
利用磁场与电流之间的相互作用，人们发明了磁浮列车、电磁弹射装置等。
[{'title': '电和磁的联系', 'options': []}, {'title': '磁场', 'options': []}, {'title': '安培定则', 'options': []}, {'title': '磁感线', 'options': []}]

解析小节: 磁感应强度 磁通量 (起始页: 113, 结束页: 117)
知识点标题: 磁感应强度
若以通电导线作为磁场的检验物体，则既可以知道导线中电流的大小，又能测量导线的长度，从而可以进行定量的研究。
知识点标题: 匀强磁场
匀强磁场的磁感线用一些间隔相等的平行直线表示。
知识点标题: 磁通量
磁感线的疏密程度表示了磁场的强弱。
[{'title': '磁感应强度', 'options': []}, {'title': '匀强磁场', 'options': []}, {'title': '磁通量', 'options': []}]

解析小节: 电磁感应现象及应用 (起始页: 118, 结束页: 122)
知识点标题: 划时代的发现
有关电与磁关系的崭新研究领域洞开在人们面前，激发了科学家们的探索热情。
人们早就认识了磁化现象，知道磁体能使附近的铁棒产生磁性，带电体能在导体上感应出电荷。
最初，法拉第认为，很强的磁体或很强的电流可能会在邻近的闭合导线中感应出电流。
当给一个线圈通电或断电的瞬间，在另一个线圈上出现了电流。
法拉第从中领悟到，“磁生电”是一种在变化、运动的过程中才能出现的效应。
电磁感应的发现使人们对电与磁内在联系的认识更加深入，宣告了电磁学作为一门统一学科的诞生。
知识点标题: 产生感应电流的条件
知识点标题: 电磁感应现象的应用
1831年圣诞节前夕，一次科学报告会上，法拉第当众表演了一个实验。
一个铜盘的轴和铜盘的边缘分别连在“电流表”的两端。
法拉第摇动手柄使铜盘在磁极之间旋转，“电流表”的指针随之摆动。
生产、生活中广泛使用的变压器、电磁炉等也是根据电磁感应制造的。
[{'title': '划时代的发现', 'options': []}, {'title': '产生感应电流的条件', 'options': []}, {'title': '电磁感应现象的应用', 'options': []}]

解析小节: 电磁波的发现及应用 (起始页: 123, 结束页: 127)
知识点标题: 电磁场
在变化的磁场中放入一个闭合电路，电路里会产生感应电流。
麦克斯韦确信自然规律的统一性与和谐性，相信电场与磁场的对称之美。
知识点标题: 电磁波
空气、水是声波和水波传播的介质。
水波和声波的传播都离不开介质。
麦克斯韦推算出一个出人意料的答案：电磁波的速度等于光速！
遗憾的是，麦克斯韦英年早逝，没有看到科学实验对电磁场理论的证实。
把天才的预言变成世人公认的真理的人，是德国科学家赫兹。
1886年，赫兹通过实验捕捉到了电磁波。
知识点标题: 电磁波谱
波速、波长、频率三者之间的关系是波速＝波长×频率对于电磁波，有同样的关系。
不同电磁波由于具有不同的波长（或频率），因此具有不同的特性。
知识点标题: 电磁波的能量
法拉第用“力线”形象地描述了电磁场，麦克斯韦用数学语言表述了电磁场。
食物中的水分子在微波的作用下热运动加剧，内能增加，温度升高。
因为电台发射的电磁波在收音机的天线里感应出了电流，有电流就有能量。
知识点标题: 电磁波通信
随着计算机网络的发展和智能手机的出现，负责通话的电信网、广播电视网和互联网相互渗透、相互兼容，逐步整合成为统一的信息通信网络。
移动电话的主要业务也已经发展成为以互联网为基础的信息服务。
人们可以通过接入互联网的手机看电影、聊天、购物、查阅资料、视频通话。
构建卫星宽带通信网络，可以使人们无论身处万米高空的飞机，还是茫茫大海的轮船，甚至没有人烟的荒漠、深山、海岛，都能高速浏览网页，与家人视频通话等。
[{'title': '电磁场', 'options': []}, {'title': '电磁波', 'options': []}, {'title': '电磁波谱', 'options': []}, {'title': '电磁波的能量', 'options': []}, {'title': '电磁波通信', 'options': []}]

解析小节: 能量量子化 (起始页: 128, 结束页: 142)
知识点标题: 热辐射
物体在室温时，热辐射的主要成分是波长较长的电磁波，不能引起人的视觉。
当温度升高时，热辐射中波长较短的成分越来越强。
大量实验结果表明，辐射强度按波长的分布情况随物体的温度而有所不同。
除了热辐射外，物体表面还会吸收和反射外界射来的电磁波。
黑体虽然不反射电磁波，但是却可以向外辐射电磁波。
物体中存在着不停运动的带电微粒，带电微粒的振动会产生变化的电磁场，从而产生电磁辐射。
知识点标题: 能量子
为了得出同实验相符的黑体辐射公式，德国物理学家普朗克进行了多种尝试，进行了激烈的思想斗争。
而普朗克的假设则认为微观粒子的能量是量子化的，或者说微观粒子的能量是不连续（分立）的。
知识点标题: 能级
微观世界中能量取分立值的观念也适用于原子系统，原子的能量是量子化的。
气体放电管中的原子受到高速运动的电子的撞击，有可能跃迁到较高的能量状态。
原子从高能态向低能态跃迁时放出的光子的能量，等于前后两个能级之差。
核能的利用，计算机和智能手机的制造，激光技术等的应用都离不开量子力学。
知识点标题: 研究样例
随着智能手机耗电的增加，充电宝成了为手机及时充电的一种重要选择。
在人们心目中，充电宝就是跟蓄电池和干电池一样的可移动直流电源。
如果是一条直线，表明其电路特性跟普通电池一样，具有一定电动势和内阻。
剥开充电宝连接线的外绝缘层，里面有四根导线，红导线为充电宝的正极，黑导线为负极，其余两根导线空置不用。
将滑动变阻器电阻调至最大。
不管是充电宝还是锂电池，其内阻跟储电量没有明显的相关。
4.本实验结论具有一定的现实意义。
手机锂电池随着储电量的减少，电动势逐步降低，其电源性能的变化主要是电动势的变化。
充电宝的内阻很小，包括电路中被测量的导线在内，其阻值总计也只有0.2Ω左右，因此，充电宝的内电路对输出电压的影响是非常小的。
研究表明，如果使用所测试的充电宝供电，不必考虑充电宝的电量百分比以及电流大小对输出电压的影响。
知识点标题: 参考选题
研究内容：智能手机功能强大，带来方便的同时，耗电太快已经成为大众普遍关注的问题。
屏幕亮度、音量等功能的设置，上网浏览、网络聊天、主叫电话、视频播放、录音重放、网络游戏等功能的应用，都是影响手机耗电的因素。
[{'title': '热辐射', 'options': []}, {'title': '能量子', 'options': []}, {'title': '能级', 'options': []}, {'title': '研究样例', 'options': []}, {'title': '参考选题', 'options': []}]
SQL 文件已标准化并保存到: sql/s3.sql
