章节: 动量守恒定律 (起始页: 1)
  小节: 动量 (页码: 2)
  小节: 动量定理 (页码: 6)
  小节: 动量守恒定律 (页码: 12)
  小节: 实验：验证动量守恒定律 (页码: 17)
  小节: 弹性碰撞和非弹性碰撞 (页码: 21)
  小节: 反冲现象  火箭 (页码: 25)
章节: 机械振动 (起始页: 31)
  小节: 简谐运动 (页码: 32)
  小节: 简谐运动的描述 (页码: 36)
  小节: 简谐运动的回复力和能量 (页码: 43)
  小节: 单摆 (页码: 46)
  小节: 实验：用单摆测量重力加速度 (页码: 51)
  小节: 受迫振动  共振 (页码: 54)
章节: 机械波 (起始页: 61)
  小节: 波的形成 (页码: 62)
  小节: 波的描述 (页码: 67)
  小节: 波的反射、折射和衍射 (页码: 71)
  小节: 波的干涉 (页码: 74)
  小节: 多普勒效应 (页码: 79)
章节: 光 (起始页: 84)
  小节: 光的折射 (页码: 85)
  小节: 全反射 (页码: 90)
  小节: 光的干涉 (页码: 95)
  小节: 实验：用双缝干涉测量光的波长 (页码: 101)
  小节: 光的衍射 (页码: 104)
  小节: 光的偏振  激光 (页码: 108)

解析小节: 动量 (起始页: 6, 结束页: 9)
知识点标题: 寻求碰撞中的不变量
小车的速度用滑轨上的数字计时器测量。
从实验的数据可以看出，此实验中两辆小车碰撞前后，动能之和并不相等，但是质量与速度的乘积之和却基本不变。
知识点标题: 动量
动量是矢量，动量的方向与速度的方向相同。
取水平向右为坐标轴的方向。
[{'title': '寻求碰撞中的不变量', 'options': []}, {'title': '动量', 'options': []}]

解析小节: 动量定理 (起始页: 10, 结束页: 15)
知识点标题: 动量定理
实际上，物体在碰撞过程中受到的作用力往往不是恒力，物体不做匀变速运动。
把应用于每个短暂过程的关系式相加，就得到整个过程的动量定理。
知识点标题: 动量定理的应用
从同样的高度落到地面或地毯上时，在与地面或地毯的相互作用中，两种情况下动量的变化量相等，地面或地毯对杯子的力的冲量也相等。
如果在船舷和码头悬挂一些具有弹性的物体（如旧轮胎），就可以延长作用时间，以减小船和码头间的作用力。
[{'title': '动量定理', 'options': []}, {'title': '动量定理的应用', 'options': []}]

解析小节: 动量守恒定律 (起始页: 16, 结束页: 20)
知识点标题: 相互作用的两个物体的动量改变
两个物体各自既受到对方的作用力，同时又受到重力和桌面的支持力，重力和支持力是一对平衡力。
知识点标题: 动量守恒定律
一般而言，碰撞、爆炸等现象的研究对象是两个（或多个）物体。
求货车碰撞后运动的速度。
知识点标题: 动量守恒定律的普适性
在实际过程中，往往涉及多个力，力随时间变化的规律也可能很复杂，使得问题难以求解。
事实上，动量守恒定律的适用范围非常广泛。
[{'title': '相互作用的两个物体的动量改变', 'options': []}, {'title': '动量守恒定律', 'options': []}, {'title': '动量守恒定律的普适性', 'options': []}]

解析小节: 实验：验证动量守恒定律 (起始页: 21, 结束页: 24)
知识点标题: 实验思路
动量守恒定律的适用条件是系统不受外力，或者所受外力的矢量和为0。
两个物体在发生碰撞时，作用时间很短。
在设计实验时应着重考虑如下问题。
知识点标题: 物理量的测量
研究对象确定后，还需要明确所需测量的物理量和实验器材。
根据动量的定义，很自然地想到，需要测量物体的质量，以及两个物体发生碰撞前后各自的速度。
知识点标题: 数据分析
[{'title': '实验思路', 'options': []}, {'title': '物理量的测量', 'options': []}, {'title': '数据分析', 'options': []}]

解析小节: 弹性碰撞和非弹性碰撞 (起始页: 25, 结束页: 28)
知识点标题: 弹性碰撞和非弹性碰撞
知识点标题: 弹性碰撞的实例分析
保龄球保持静止，而乒乓球以大致相同的速率被弹回。
[{'title': '弹性碰撞和非弹性碰撞', 'options': []}, {'title': '弹性碰撞的实例分析', 'options': []}]

解析小节: 反冲现象  火箭 (起始页: 29, 结束页: 34)
知识点标题: 反冲现象
发射炮弹时，炮弹从炮筒中飞出，炮身则向后退。
炮弹射出后以很大的速度向前运动，根据动量守恒定律，炮身必将向后运动。
只是由于炮身的质量远大于炮弹的质量，所以炮身向后的速度很小。
在实际中常常需要考虑反冲现象的影响。
用枪射击时，子弹向前飞去，枪身发生反冲向后运动。
枪身的反冲会影响射击的准确性，所以用步枪射击时要把枪身抵在肩部，以减少反冲的影响。
知识点标题: 火箭
箭杆上捆了一个前端封闭的火药筒，点燃后生成的燃气以很大速度向后喷出，箭杆由于反冲而向前运动。
[{'title': '反冲现象', 'options': []}, {'title': '火箭', 'options': []}]

解析小节: 简谐运动 (起始页: 36, 结束页: 39)
知识点标题: 弹簧振子
弹簧的质量与小球相比可以忽略。
小球运动时空气阻力很小，也可以忽略。
知识点标题: 弹簧振子的位移—时间图像
要想得到位移与时间的关系，关键在于记录不同时刻小球的位置，为了便于分析，最好是相等时间间隔的位置。
利用频闪照相、照相机连拍，或用摄像机摄像后逐帧观察的方式，都可以得到相等时间间隔的不同时刻小球的位置。
拍摄时底片从下向上匀速运动，因此在底片上留下了小球和弹簧的一系列的像。
知识点标题: 简谐运动
还需要进行深入的研究。
要想确定弹簧振子中小球的位移与时间的关系是否遵从正弦函数的规律，可采用下面的方法。
简谐运动是最基本的振动。
[{'title': '弹簧振子', 'options': []}, {'title': '弹簧振子的位移—时间图像', 'options': []}, {'title': '简谐运动', 'options': []}]

解析小节: 简谐运动的描述 (起始页: 40, 结束页: 46)
知识点标题: 振幅
振动物体运动的范围是振幅的两倍。
知识点标题: 周期和频率
周期和频率都是表示物体振动快慢的物理量，周期越小，频率越大，表示振动越快。
不仅弹簧振子的简谐运动，所有简谐运动的周期均与其振幅无关。
知识点标题: 相位
【例题】而当第二个小球到达最高点时，第一个已经返回平衡位置了。
[{'title': '振幅', 'options': []}, {'title': '周期和频率', 'options': []}, {'title': '相位', 'options': []}]

解析小节: 简谐运动的回复力和能量 (起始页: 47, 结束页: 49)
知识点标题: 简谐运动的回复力
知识点标题: 简谐运动的能量
沿水平方向振动的弹簧振子的势能为弹性势能，其大小取决于弹簧的形变量。
小球运动远离平衡位置时，势能会增大。
与此同时，小球的速度减小，动能减小。
小球到达最大位移时，动能为０，势能最大。
理论上可以证明，在弹簧振子运动的任意位置，系统的动能与势能之和都是一定的，遵守机械能守恒定律。
实际的运动都有一定的能量损耗，所以简谐运动是一种理想化的模型。
当小球运动到最大位移时，动能为０，弹性势能最大，系统的机械能等于最大弹性势能。
对于弹簧劲度系数和小球质量都一定的系统，振幅越大，机械能越大。
[{'title': '简谐运动的回复力', 'options': []}, {'title': '简谐运动的能量', 'options': []}]

解析小节: 单摆 (起始页: 50, 结束页: 54)
知识点标题: 单摆的回复力
知识点标题: 单摆的周期
实验表明：单摆做简谐运动的周期与摆长有关，摆长越长，周期越大；单摆的周期与摆球质量和振幅无关。
单摆周期公式的发现，为人类利用简谐运动定量计时提供了可能，并以此为基础发明了真正可持续运转的时钟。
[{'title': '单摆的回复力', 'options': []}, {'title': '单摆的周期', 'options': []}]

解析小节: 实验：用单摆测量重力加速度 (起始页: 55, 结束页: 57)
知识点标题: 实验思路
惠更斯在推导出单摆的周期公式后，用一个单摆测出了巴黎的重力加速度。
知识点标题: 实验装置
将铁夹固定在铁架台的上端，铁架台放在实验桌边，使铁夹伸到桌面以外，方便使用不同长度的摆线。
知识点标题: 物理量的测量
摆长是摆线长度和小球半径之和。
知识点标题: 数据分析
查询所在地区的重力加速度值，并与测得的结果进行比较。
如果有差异，想想可能是什么原因造成的。
[{'title': '实验思路', 'options': []}, {'title': '实验装置', 'options': []}, {'title': '物理量的测量', 'options': []}, {'title': '数据分析', 'options': []}]

解析小节: 受迫振动  共振 (起始页: 58, 结束页: 64)
知识点标题: 振动中的能量损失
生活中，摇曳的树叶会停下来，摆动的秋千也会停止运动。
由于实际的振动系统都会受到摩擦力、黏滞力等阻碍作用，振幅必然逐渐减小。
振动系统能量衰减的方式通常有两种。
一种是由于振动系统受到摩擦阻力的作用，使振动系统的机械能逐渐转化为内能。
另一种是由于振动系统引起邻近介质中各质点的振动，使能量向四周辐射出去，从而自身机械能减少。
知识点标题: 受迫振动
最简单的办法是使周期性的外力作用于振动系统，外力对系统做功，补偿系统的能量损耗，使系统的振动维持下去。
机器运转时底座发生的振动、扬声器纸盆的振动，都是受迫振动。
大量的实验都证实：物体做受迫振动达到稳定后，物体振动的频率等于驱动力的频率，与物体的固有频率无关。
知识点标题: 共振现象及其应用
把一些不同长度的钢片安装在同一个支架上，可以制作转速计。
有的情况下需要避免共振。
[{'title': '振动中的能量损失', 'options': []}, {'title': '受迫振动', 'options': []}, {'title': '共振现象及其应用', 'options': []}]

解析小节: 波的形成 (起始页: 66, 结束页: 70)
知识点标题: 波的形成
绳子是有弹性的物体。
实验中观察到，弹簧圈密集的部分和稀疏的部分交替向右传播，在弹簧上形成一种与横波不一样的波。
手执弹簧一端左右振动起来以后，近端的质点依次带动远端的质点左右振动，但后一个质点总比前一个质点迟一些开始振动。
从整体上看，就形成了疏密相间的波。
知识点标题: 横波和纵波
纵波中，质点分布最密的位置叫作密部，质点分布最疏的位置叫作疏部。
发声体振动时在空气中产生的声波是纵波。
声波传入人耳，使鼓膜振动，就引起声音的感觉。
声波不仅能在空气中传播，也能在液体、固体中传播。
知识点标题: 机械波
绳上和弹簧上的波是在绳和弹簧上传播的，水波是在水面传播的，声波通常是在空气中传播的。
组成介质的质点之间有相互作用，一个质点的振动会引起相邻质点的振动。
介质中有机械波传播时，介质本身并不随波一起传播。
波是传递能量的一种方式。
波不但传递能量，而且可以传递信息。
[{'title': '波的形成', 'options': []}, {'title': '横波和纵波', 'options': []}, {'title': '机械波', 'options': []}]

解析小节: 波的描述 (起始页: 71, 结束页: 74)
知识点标题: 波的图像
弦波传播时，介质的质点在做简谐运动。
知识点标题: 波长、频率和波速
在横波中，两个相邻波峰或两个相邻波谷之间的距离等于波长。
在纵波中，两个相邻密部或两个相邻疏部之间的距离等于波长。
声速还与温度有关，表中列出了0℃时声波在几种介质中的传播速度。
[{'title': '波的图像', 'options': []}, {'title': '波长、频率和波速', 'options': []}]

解析小节: 波的反射、折射和衍射 (起始页: 75, 结束页: 77)
知识点标题: 波的反射
反射线、法线与入射线在同一平面内，反射线与入射线分居法线两侧，反射角等于入射角。
知识点标题: 波的折射
理论和实验证明，一切波都会发生折射现象。
如果用一条射线代表水波的入射方向，用另一条射线代表水波的折射方向，可以更清晰地看出水波的折射现象。
知识点标题: 波的衍射
在波的前进方向上放一个有孔的屏，可以看到波通过小孔而在屏的后面向各个方向传播。
保持狭缝的宽度不变，改变水波的波长，观察波的传播情况有什么变化。
可以推测，当波长与狭缝宽度相比非常小时，水波将沿直线传播，观察不到衍射现象。
实验表明，只有缝、孔的宽度或障碍物的尺寸跟波长相差不多，或者比波长更小时，才能观察到明显的衍射现象。
不只是水波，声波也能发生衍射。
一切波都能发生衍射。
衍射是波特有的现象。
[{'title': '波的反射', 'options': []}, {'title': '波的折射', 'options': []}, {'title': '波的衍射', 'options': []}]

解析小节: 波的干涉 (起始页: 78, 结束页: 82)
知识点标题: 波的叠加
在介质中常常有几列波同时传播。
生活中常见的水波也是如此，两列水波相遇后彼此穿过，仍然保持各自的运动特征，继续传播，就像没有跟另一列水波相遇一样。
蓝线圆与黑线圆间的距离等于半个波长，蓝线与蓝线、黑线与黑线之间的距离等于一个波长。
知识点标题: 波的干涉
波峰与波峰相遇时，质点向上的位移最大，等于两列波的振幅之和；波谷与波谷相遇时，质点的位移尽管是向下的，但也是最大，也等于两列波的振幅之和。
如果两列波的振幅相同，质点的位移之和就总等于0。
在上面的实验中，两个波源的频率是相同的。
如果两列波的频率不同，在相互叠加时，波中相遇区域的各个质点的振幅会随时间变化，不会出现振动总是加强与总是减弱的区域。
同时，在上面的实验中，两个波源的相位差是保持不变的。
如果两个波源的相位差随时间变化，波中相遇区域的各个质点的相位差会随时间变化，同样不会出现振动总是加强与总是减弱的区域。
否则也不会出现振动总是加强与总是减弱的区域。
不仅水波会发生干涉现象，声波、电磁波等一切波，只要满足上述条件都能发生干涉。
跟衍射一样，干涉也是波特有的现象。
[{'title': '波的叠加', 'options': []}, {'title': '波的干涉', 'options': []}]

解析小节: 多普勒效应 (起始页: 83, 结束页: 87)
知识点标题: 多普勒效应
要了解多普勒效应，可以做如下的模拟实验。
知识点标题: 多普勒效应的应用
行进中的车辆发射频率已知的超声波，同时测量反射波的频率，根据反射波频率变化的多少就能知道车辆的速度。
装有多普勒测速仪的监视器可以装在公路上方，在测速的同时把车辆牌号拍摄下来，并把测得的速度自动打印在照片上。
医生向人体内发射频率已知的超声波，超声波被血管中的血流反射后又被仪器接收。
测出反射波的频率变化，就能知道血流的速度。
理论和实验都证明，光波或电磁波都有多普勒效应，多普勒效应在科学技术中也有着广泛的应用。
宇宙中的星球都在不停地运动。
[{'title': '多普勒效应', 'options': []}, {'title': '多普勒效应的应用', 'options': []}]

解析小节: 光的折射 (起始页: 89, 结束页: 93)
知识点标题: 折射定律
知识点标题: 折射率
真空的折射率为1，空气的折射率近似为1。
折射率是衡量材料光学性能的重要指标。
根据折射定律，可以测量材料的折射率。
求油的折射率和光在油中传播的速度。
[{'title': '折射定律', 'options': []}, {'title': '折射率', 'options': []}]

解析小节: 全反射 (起始页: 94, 结束页: 98)
知识点标题: 全反射
科研和技术中常常通过测量临界角来测定材料的折射率。
全反射是自然界中常见的现象。
当光从光密介质射入光疏介质时，同时发生折射和反射。
如果入射角逐渐增大，折射光离法线会越来越远，而且越来越弱，反射光却越来越强。
当光从光密介质射入光疏介质时，如果入射角等于或大于临界角，就会发生全反射现象。
知识点标题: 全反射棱镜
第四章光93当光在有机玻璃棒内传播时，如果从有机玻璃射向空气的入射角大于临界角，光会发生全反射，于是光在有机玻璃棒内沿着锯齿形路线传播。
①实用光导纤维的直径只有几微米到一百微米。
因为很细，一定程度上可以弯折。
光也可以像无线电波那样，作为载体来传递信息。
光纤通信有传输容量大的特点。
知识点标题: 光导纤维
尽管光纤通信的发展历史较短，但是发展速度惊人。
随着技术的发展，光纤宽带也越来越普及，已有许多企业、家庭实现了光纤入户。
光缆线路已经与通信卫星、微波中继站、普通电缆相结合，构成了现代国家的“神经系统”。
[{'title': '全反射', 'options': []}, {'title': '全反射棱镜', 'options': []}, {'title': '光导纤维', 'options': []}]

解析小节: 光的干涉 (起始页: 99, 结束页: 104)
知识点标题: 光的双缝干涉
距离屏的中心越远，路程差越大。
托马斯·杨的时代没有激光。
知识点标题: 干涉条纹和光的波长之间的关系
实验中确实发现，各种颜色的单色光都会发生干涉，但条纹之间的距离不一样。
知识点标题: 薄膜干涉
灯焰的像和节前“问题”中提到的现象，都是液膜前后两个面反射的光共同形成的。
来自两个面的反射光相互叠加，发生干涉，也称薄膜干涉。
薄膜上不同颜色的光的条纹的明暗位置不同，相互交错，所以，看上去会有彩色条纹。
薄膜干涉在技术上有很多应用。
[{'title': '光的双缝干涉', 'options': []}, {'title': '干涉条纹和光的波长之间的关系', 'options': []}, {'title': '薄膜干涉', 'options': []}]

解析小节: 实验：用双缝干涉测量光的波长 (起始页: 105, 结束页: 107)
知识点标题: 实验思路
光源发出的光经滤光片（装在单缝前）成为单色光，把单缝照亮。
来自双缝的光在双缝右边的空间发生干涉。
透镜的作用是使射向单缝的光更集中。
知识点标题: 物理量的测量
转动手轮，分划板会左右移动。
然后转动手轮，使分划板中心刻线与另一相邻亮条纹的中心对齐，再次记下手轮上的读数。
为了减小测量误差，可测多条亮条纹间的距离，再求出相邻两条亮条纹间的距离。
知识点标题: 进行实验
然后放好单缝和双缝。
注意使单缝与双缝相互平行，尽量使缝的中点位于遮光筒的轴线上。
分别改变滤光片的颜色和双缝的距离，观察干涉条纹的变化，并求出相应的波长。
知识点标题: 数据分析
[{'title': '实验思路', 'options': []}, {'title': '物理量的测量', 'options': []}, {'title': '进行实验', 'options': []}, {'title': '数据分析', 'options': []}]

解析小节: 光的衍射 (起始页: 108, 结束页: 111)
知识点标题: 光的衍射
在挡板上安装一个宽度可调的狭缝，缝后放一个光屏。
在单缝衍射和圆孔衍射的照片中，都有一些亮条纹和暗条纹。
光在没有障碍物的均匀介质中是沿直线传播的。
对衍射现象的研究表明，在障碍物或狭缝的尺寸很大时，衍射现象不明显，也可以近似认为光是沿直线传播的。
知识点标题: 衍射光栅
单缝衍射的条纹比较宽，而且距离中央亮条纹较远的条纹，亮度也很低。
实验表明，如果增加狭缝的个数，衍射条纹的宽度将变窄，亮度将增加。
光学仪器中用的衍射光栅就是据此制成的。
如果在高反射率的金属上刻痕，就可以做成反射光栅。
[{'title': '光的衍射', 'options': []}, {'title': '衍射光栅', 'options': []}]

解析小节: 光的偏振  激光 (起始页: 112, 结束页: 129)
知识点标题: 偏振
在纵波中，各点的振动方向总与波的传播方向在同一直线上。
在横波中，各点的振动方向总与波的传播方向垂直。
不同的横波，即使传播方向相同，振动方向也可能是不同的。
横波的振动方向称为“偏振方向”。
知识点标题: 光的偏振
研究表明，光是一种横波。
实际上，太阳以及日光灯、发光二极管等普通光源发出的光，包含着在垂直于传播方向上沿一切方向振动的光，而且沿着各个方向振动的光波的强度都相同。
知识点标题: 偏振现象的应用
光的偏振现象有很多应用。
知识点标题: 激光的特点及其应用
光是从物质的原子中发射出来的。
迄今人类已经制造了各种类型的激光器，比如气体激光器、半导体激光器、染料激光器、宝石激光器，等等。
激光的诞生是一件大事。
激光纯净的特性能在实际应用中带来很多方便。
激光能像无线电波那样被调制，用来传递信息。
光纤通信就是激光和光导纤维相结合的产物。
今天，每时每刻都有无数激光信号承载着海量的信息在海底光缆中传输。
对准目标发出一个极短的激光脉冲，测量发射脉冲与收到反射回波的时间间隔，就可以求出目标的距离。
现在，廉价的激光测距装置已经被应用到房屋装修等日常生活中。
医学上可以用激光做“光刀”来切开皮肤、切除肿瘤，还可以用激光“焊接”剥落的视网膜。
激光的用途还有很多。
知识点标题: 研究样例
在铁架台的立柱跟铅垂线平行的情况下把杆线摆装在立柱上，调节摆线的长度，使摆杆与立柱垂直，则此时摆杆是水平的。
测出静止时摆杆与铅垂线的夹角为β，则该倾斜平面与水平面的夹角θ＝90°－β。
同样的操作进行三次，取平均值作为该周期的测量值。
知识点标题: 参考选题
由于弹簧振子由轻质弹簧和振动小球组成，因此猜想：弹簧振子的运动周期跟弹簧的劲度系数、振动小球的质量有关。
在保持弹簧劲度系数不变的情况下，改变小球质量，探究弹簧振子的运动周期跟小球质量的定量关系；在保持小球质量不变的情况下，改变弹簧的劲度系数，探究弹簧振子运动的周期跟弹簧劲度系数的定量关系。
弹簧劲度系数的改变，可以通过改变弹簧的长度来实现。
理论上可以证明，对同一根均匀弹簧，取其中不同长度进行实验，其劲度系数跟所取的弹簧长度具有确定的定量关系。
也可以通过实验来测量不同长度弹簧的劲度系数。
[{'title': '偏振', 'options': []}, {'title': '光的偏振', 'options': []}, {'title': '偏振现象的应用', 'options': []}, {'title': '激光的特点及其应用', 'options': []}, {'title': '研究样例', 'options': []}, {'title': '参考选题', 'options': []}]
SQL 文件已标准化并保存到: sql/so1.sql
