章节: 抛体运动 (起始页: 1)
  小节: 曲线运动 (页码: 2)
  小节: 运动的合成与分解 (页码: 6)
  小节: 实验：探究平抛运动的特点 (页码: 10)
  小节: 抛体运动的规律 (页码: 14)
章节: 圆周运动 (起始页: 22)
  小节: 圆周运动 (页码: 23)
  小节: 向心力 (页码: 27)
  小节: 向心加速度 (页码: 31)
  小节: 生活中的圆周运动 (页码: 35)
章节: 万有引力与宇宙航行 (起始页: 43)
  小节: 行星的运动 (页码: 44)
  小节: 万有引力定律 (页码: 49)
  小节: 万有引力理论的成就 (页码: 55)
  小节: 宇宙航行 (页码: 59)
  小节: 相对论时空观与牛顿力学的局限性 (页码: 65)
章节: 机械能守恒定律 (起始页: 73)
  小节: 功与功率 (页码: 74)
  小节: 重力势能 (页码: 79)
  小节: 动能和动能定理 (页码: 84)
  小节: 机械能守恒定律 (页码: 89)
  小节: 实验：验证机械能守恒定律 (页码: 95)

解析小节: 曲线运动 (起始页: 6, 结束页: 9)
知识点标题: 曲线运动的速度方向
运动员掷链球时，链球在手的牵引下做曲线运动，一旦运动员放手，链球即刻飞出。
放手的时刻不同，链球飞出的方向也不一样。
速度是矢量，既有大小，又有方向。
由于曲线运动中速度的方向是变化的，所以曲线运动是变速运动。
知识点标题: 物体做曲线运动的条件
物体做曲线运动时，由于速度方向时刻改变，物体的加速度一定不为0，因此，物体所受的合力一定不为0。
由实验可以看出，当钢球受到的合力的方向与速度方向不在同一条直线上时，钢球做曲线运动。
生活中也有大量类似的例子。
当物体受力的方向与速度的方向不在同一直线上时，加速度的方向也就与速度的方向不在同一直线上了，于是物体的速度方向要发生变化，物体就做曲线运动。
[{'title': '曲线运动的速度方向', 'options': []}, {'title': '物体做曲线运动的条件', 'options': []}]

解析小节: 运动的合成与分解 (起始页: 10, 结束页: 13)
知识点标题: 一个平面运动的实例
要想定量地研究蜡块的运动，就要建立坐标系，具体分析。
研究物体的运动时，坐标系的选取很重要。
研究物体在平面内的运动时，可以选择平面直角坐标系。
要确定蜡块运动的轨迹，首先要确定任意时刻蜡块的位置。
知识点标题: 运动的合成与分解
运动的合成与分解遵从矢量运算法则。
运动的合成与分解是分析复杂运动时常用的方法。
虽然本节实验中的两个分运动都是匀速运动，但运动合成与分解的思想和方法对分运动是变速运动的情况也是适用的。
[{'title': '一个平面运动的实例', 'options': []}, {'title': '运动的合成与分解', 'options': []}]

解析小节: 实验：探究平抛运动的特点 (起始页: 14, 结束页: 17)
知识点标题: 实验思路
平抛运动是曲线运动，速度和位移的方向都在时刻变化。
知识点标题: 进行实验
研究思路确定后，还需要设计可操作的方案以便进行实验。
设法记录做平抛运动的物体经过相等时间间隔所到达的位置，获得水平方向和竖直方向的位移随时间变化的具体数据，便可以独立分析水平方向和竖直方向的运动规律。
可以用频闪照相或者录制视频的方法，记录物体在不同时刻的位置。
在水平和竖直两个方向中，先研究其中一个方向的运动规律，再设法分析另外一个方向的运动规律。
后面参考案例给出的方案，是先研究物体在竖直方向的运动，再研究水平方向的运动。
也可以反过来，先研究物体在水平方向的运动，再研究竖直方向的运动。
[{'title': '实验思路', 'options': []}, {'title': '进行实验', 'options': []}]

解析小节: 抛体运动的规律 (起始页: 18, 结束页: 25)
知识点标题: 平抛运动的速度
知识点标题: 平抛运动的位移与轨迹
（1）求小球下落的时间。
（2）求小球释放点与落地点之间的水平距离。
知识点标题: 一般的抛体运动
仿照平抛运动的处理方法也能得到描述斜抛运动的几个关系式。
[{'title': '平抛运动的速度', 'options': []}, {'title': '平抛运动的位移与轨迹', 'options': []}, {'title': '一般的抛体运动', 'options': []}]

解析小节: 圆周运动 (起始页: 27, 结束页: 30)
知识点标题: 线速度
知识点标题: 角速度
由于匀速圆周运动是线速度大小不变的运动，物体在相等时间内通过的弧长相等，所以物体在相等时间内转过的角度也相等。
知识点标题: 周期
圆周运动有其特殊性，物体运动一周后又会返回到初始位置，周而复始地运动着。
技术中常用转速来描述物体做圆周运动的快慢。
知识点标题: 线速度与角速度的关系
线速度的大小描述了做圆周运动的物体沿着圆弧运动的快慢，角速度的大小描述了物体与圆心连线扫过角度的快慢。
[{'title': '线速度', 'options': []}, {'title': '角速度', 'options': []}, {'title': '周期', 'options': []}, {'title': '线速度与角速度的关系', 'options': []}]

解析小节: 向心力 (起始页: 31, 结束页: 34)
知识点标题: 向心力
做圆周运动的物体，其运动状态在不断变化，说明物体一定受到了力的作用。
忽略小球运动时受到的阻力，在桌面上做匀速圆周运动的小球所受的合力为细线的拉力，拉力即为使小球做圆周运动的力，根据拉力的特点可以知道拉力的方向指向圆心。
大量实例都表明：做匀速圆周运动的物体所受的合力总指向圆心。
对于做匀速圆周运动的物体，物体的速度大小不发生改变，因此，所受合力只改变速度的方向。
应该强调的是，向心力并不是像重力、弹力、摩擦力那样作为具有某种性质的力来命名的。
因为沙袋还受到重力的作用，手所提供的拉力不完全是向心力。
知识点标题: 向心力的大小
在物理学中，认识物理量时可以先定性了解，然后再探究不同物理量之间的定量关系。
知识点标题: 变速圆周运动和一般曲线运动的受力特点
[{'title': '向心力', 'options': []}, {'title': '向心力的大小', 'options': []}, {'title': '变速圆周运动和一般曲线运动的受力特点', 'options': []}]

解析小节: 向心加速度 (起始页: 35, 结束页: 38)
知识点标题: 匀速圆周运动的加速度方向
用运动学的方法求向心加速度的方向，在本节后的“拓展学习”中会涉及。
知识点标题: 匀速圆周运动的加速度大小
通过计算说明：要增大夹角θ，应该增大小球运动的角速度ω。
[{'title': '匀速圆周运动的加速度方向', 'options': []}, {'title': '匀速圆周运动的加速度大小', 'options': []}]

解析小节: 生活中的圆周运动 (起始页: 39, 结束页: 46)
知识点标题: 火车转弯
火车转弯时实际是在做圆周运动，因而具有向心加速度。
如果认为做匀速圆周运动的物体除了受到另外物体的作用，还要再受一个向心力，那就不对了。
知识点标题: 汽车过拱形桥
汽车过拱形桥时的运动也可以看作圆周运动。
公路在通过小型水库泄洪闸的下游时常常要修建凹形路面，也叫“过水路面”。
同学们可以仿照上面的方法自己进行分析。
知识点标题: 航天器中的失重现象
知识点标题: 离心运动
做圆周运动的物体，由于惯性，总有沿着切线方向飞出去的倾向。
一旦向心力突然消失，物体就会沿切线方向飞出去。
离心运动有很多应用。
在炼钢厂中，把熔化的钢水浇入圆柱形模子，模子沿圆柱的中心轴线高速旋转，钢水由于离心运动趋于周壁，冷却后就形成无缝钢管。
离心运动有时也会带来危害。
高速转动的砂轮、飞轮等，都不得超过允许的最大转速。
[{'title': '火车转弯', 'options': []}, {'title': '汽车过拱形桥', 'options': []}, {'title': '航天器中的失重现象', 'options': []}, {'title': '离心运动', 'options': []}]

解析小节: 行星的运动 (起始页: 48, 结束页: 52)
知识点标题: 开普勒定律
所有行星绕太阳运动的轨道都是椭圆，太阳处在椭圆的一个焦点上。
[{'title': '开普勒定律', 'options': []}]

解析小节: 万有引力定律 (起始页: 53, 结束页: 58)
知识点标题: 行星与太阳间的引力
行星绕太阳的运动可以看作匀速圆周运动。
历史上科学家们的探索之路充满艰辛。
伽利略、开普勒及笛卡儿都提出过自己的解释。
牛顿时代的科学家，如胡克和哈雷等对此作出了重要的贡献。
太阳与行星间引力的方向沿着二者的连线。
知识点标题: 月—地检验
在牛顿的时代，人们已经能够比较精确地测定自由落体加速度，当时也能比较精确地测定月球与地球的距离、月球公转的周期，从而能够算出月球运动的向心加速度。
计算结果与预期符合得很好。
知识点标题: 万有引力定律
很可能有，只是由于身边物体的质量比天体的质量小得多，不易觉察罢了。
尽管以上推广是十分自然的，但仍要接受事实的直接或间接的检验。
知识点标题: 引力常量
一百多年以后，英国物理学家卡文迪什通过实验测量了几个铅球之间的引力。
引力常量是自然界中少数几个最重要的物理常量之一。
引力常量的普适性成了万有引力定律正确性的有力证据。
[{'title': '行星与太阳间的引力', 'options': []}, {'title': '月—地检验', 'options': []}, {'title': '万有引力定律', 'options': []}, {'title': '引力常量', 'options': []}]

解析小节: 万有引力理论的成就 (起始页: 59, 结束页: 62)
知识点标题: “称量”地球的质量
知识点标题: 计算天体的质量
如果已知卫星绕行星运动的周期和卫星与行星之间的距离，也可以算出行星的质量。
月球虽然没有天然的卫星，但人类发射的航天器会环绕月球运行，只要测得航天器绕月运行的轨道半径和周期，就可计算月球的质量。
知识点标题: 发现未知天体
到了18世纪，人们已经知道太阳系有7颗行星，其中1781年发现的第七颗行星——天王星的运动轨道有些“古怪”：根据万有引力定律计算出来的轨道与实际观测的结果总有一些偏差。
……英国剑桥大学的学生亚当斯和法国年轻的天文学家勒维耶相信未知行星的存在。
海王星的发现过程充分显示了理论对于实践的巨大指导作用，所用的“计算、预测和观察”的方法指导人们寻找新的天体。
尽管如此，黑暗寒冷的太阳系边缘依然牵动着人们的心，探索工作从来没有停止过。
知识点标题: 预言哈雷彗星回归
在牛顿之前，彗星被看作是一种神秘的现象。
海王星的发现和哈雷彗星的“按时回归”确立了万有引力定律的地位，也成为科学史上的美谈。
诺贝尔奖获得者物理学家劳厄说：“没有任何东西像牛顿引力理论对行星轨道的计算那样，如此有力地树立起人们对年轻的物理学的尊敬。
万有引力定律可以用于分析地球表面重力加速度微小差异的原因，以及指导重力探矿。
除了上述成就外，万有引力定律的另一重要应用将在下节讲述。
[{'title': '“称量”地球的质量', 'options': []}, {'title': '计算天体的质量', 'options': []}, {'title': '发现未知天体', 'options': []}, {'title': '预言哈雷彗星回归', 'options': []}]

解析小节: 宇宙航行 (起始页: 63, 结束页: 68)
知识点标题: 宇宙速度
物体在地球附近绕地球运动时，太阳的作用可以忽略。
在简化之后，物体只受到指向地心的引力作用，物体绕地球的运动可视作匀速圆周运动。
知识点标题: 人造地球卫星
直到多级火箭的研制成功，才为人造地球卫星的发射创造了条件。
自首颗人造地球卫星发射后，人类已经发射了数千颗人造地球卫星，其中的通信、导航、气象等卫星已极大地改变了人类的生活。
其中一种的轨道平面与赤道平面成0度角，运动方向与地球自转方向相同。
因其相对地面静止，也称静止卫星。
知识点标题: 载人航天与太空探索
人类一直有“飞天”的梦想，万有引力定律的发现，不仅破解了天上行星的运行规律，也为人类开辟了上天的理论之路。
随着技术的进步，人类迈向太空的脚步越来越大，越来越坚实。
飞船绕地球飞行14圈后安全降落。
2021年4月29日，具备长期自主飞行能力的天和核心舱成功发射，标志着中国空间站在轨组装建造全面展开。
地球是人类的摇篮，但是人类不会永远生活在摇篮里。
尽管人类已经跨入太空，登上月球，但是，相对于宇宙之宏大，地球和月球不过是茫茫宇宙中的两粒尘埃；相对于宇宙之久长，人类历史不过是宇宙年轮上一道小小的刻痕……未来的探索之路还很长。
[{'title': '宇宙速度', 'options': []}, {'title': '人造地球卫星', 'options': []}, {'title': '载人航天与太空探索', 'options': []}]

解析小节: 相对论时空观与牛顿力学的局限性 (起始页: 69, 结束页: 76)
知识点标题: 相对论时空观
验和观测不符的观念，如绝对时间的概念，提出能够更好地解释实验事实的假设。
爱因斯坦假设：在不同的惯性参考系中，物理规律的形式都是相同的；真空中的光速在不同的惯性参考系中大小都是相同的。
在经典物理学家的头脑中，如果两个事件在一个参考系中是同时的，在另一个参考系中一定也是同时的。
假设一列火车沿平直轨道飞快地匀速行驶。
车厢中央的光源发出了一个闪光，闪光照到了车厢的前壁和后壁。
在爱因斯坦两个假设的基础上，经过严格的数学推导，可以得到下述结果。
（1）式和（2）式表明：运动物体的长度（空间距离）和物理过程的快慢（时间进程）都跟物体的运动状态有关。
要验证（1）（2）两式是否正确，首先要找到高速运动的物体。
观察到的现象与经典理论产生了矛盾。
由于平均寿命增大，飞行的距离也变大，因而在地面附近实际观测到的µ子的数量就大于经典理论作出的预言。
相对论时空观的第一次宏观验证是在1971年进行的。
两架飞机各绕地球飞行一周后回到地面，与留在地面上的铯原子钟进行比较。
知识点标题: 牛顿力学的成就与局限性
牛顿力学的基础是牛顿运动定律，万有引力定律的建立与应用更是确立了人们对牛顿力学的尊敬。
牛顿力学在如此广阔的领域里与实际相符合，显示了牛顿运动定律的正确性和牛顿力学的魅力。
相对论与量子力学都没有否定过去的科学，而只认为过去的科学是自己在一定条件下的特殊情形。
[{'title': '相对论时空观', 'options': []}, {'title': '牛顿力学的成就与局限性', 'options': []}]

解析小节: 功与功率 (起始页: 78, 结束页: 82)
知识点标题: 功
知识点标题: 正功和负功
实际中，物体通常会受多个力的作用。
求各力对雪橇做的总功。
知识点标题: 功率
在物理学中，做功的快慢用功率表示。
发动机的额定功率是汽车长时间行驶时所能输出的最大功率。
[{'title': '功', 'options': []}, {'title': '正功和负功', 'options': []}, {'title': '功率', 'options': []}]

解析小节: 重力势能 (起始页: 83, 结束页: 87)
知识点标题: 重力做的功
当物体的高度发生变化时，重力做功，势能发生变化：物体下降时重力做正功，势能减小；物体被举高时重力做负功，势能增大。
知识点标题: 重力势能
知识点标题: 重力势能的相对性
选择哪个水平面为参考平面，可视研究问题的方便而定。
通常选择地面为参考平面。
力势能也是正值；下方物体的高度是负值，重力势能也是负值。
知识点标题: 弹性势能
弹性势能跟形变的大小有关系。
被拉伸或压缩的长度越长，恢复原状过程中对外做的功就越多，弹簧的弹性势能就越大。
不同的弹簧发生同样大小的形变，劲度系数越大，弹簧恢复原状过程中对外做的功就越多，因而弹簧的弹性势能就越大。
势能也叫位能，与相互作用的物体的相对位置有关。
重力势能是由地球和地面上物体的相对位置决定的，弹性势能是由发生弹性形变的物体各部分的相对位置决定的。
[{'title': '重力做的功', 'options': []}, {'title': '重力势能', 'options': []}, {'title': '重力势能的相对性', 'options': []}, {'title': '弹性势能', 'options': []}]

解析小节: 动能和动能定理 (起始页: 88, 结束页: 92)
知识点标题: 动能的表达式
大量实例说明，物体动能的变化和力对物体做的功密切相关。
知识点标题: 动能定理
在应用动能定理时还应该注意到，力对物体做的功可以为正值，也可以为负值。
合力做正功时，物体的动能增加；合力做负功时，物体的动能减少。
[{'title': '动能的表达式', 'options': []}, {'title': '动能定理', 'options': []}]

解析小节: 机械能守恒定律 (起始页: 93, 结束页: 98)
知识点标题: 追寻守恒量
能量对于科学研究和日常生活有着巨大的影响，但要用一句话说清楚能量究竟是什么却非易事。
其实，伽利略已经走到了机械能守恒的大门口，只是当时还没有“能量”的概念，因此，伽利略没有得出机械能守恒的结论。
能量概念的引入是科学前辈们追寻守恒量的一个重要事例。
知识点标题: 动能与势能的相互转化
物体沿光滑斜面滑下时，重力对物体做正功，物体的重力势能减少。
不仅重力势能可以与动能相互转化，弹性势能也可以与动能相互转化。
通过重力或弹力做功，机械能可以从一种形式转化成另一种形式。
知识点标题: 机械能守恒定律
同样可以证明，在只有弹力做功的系统内，动能和弹性势能互相转化时总的机械能也保持不变。
此种情况下，动能与重力势能可以互相转化，总的机械能守恒。
如果阻力做的功较大，不能忽略，则机械能不守恒。
守恒定律不仅给处理问题带来方便，而且有更深刻的意义。
机械能守恒定律就是其中一个。
正因为自然界存在着“守恒量”，而且，某些守恒定律的适用范围很广，所以，在物理学中寻求“守恒量”已经成为物理学研究的一种重要思想方法。
[{'title': '追寻守恒量', 'options': []}, {'title': '动能与势能的相互转化', 'options': []}, {'title': '机械能守恒定律', 'options': []}]

解析小节: 实验：验证机械能守恒定律 (起始页: 99, 结束页: 113)
知识点标题: 实验思路
自由下落的物体只受到重力作用，满足机械能守恒的条件。
用细线悬挂的小球摆动时，细线的拉力与小球的运动方向垂直，对物体不做功。
知识点标题: 物理量的测量
研究对象确定后，还需要明确所需测量的物理量和实验器材。
知识点标题: 数据分析
人们在长期生活和劳动中，形成了许多动作习惯。
特别是作为物理课程的学习者，研究人体动作的物理原理，对增强理论联系实际的意识和发展科学思维能力都具有积极的意义。
本课题研究人甩手动作的物理原理。
如果知道摄像时的帧频，就知道相邻两动作之间的时间间隔，便可以对各部位的位置－时间关系进行分析，从而发现隐含在甩手动作中的物理原理。
从分析运动的视角看，人的上肢可以认为由上臂、前臂和手掌组成。
知识点标题: 研究样例
否则水滴便会做离心运动，飞离手指。
通过对照片的测量了解照片所反映的实物尺寸，首先要知道照片尺寸与实物尺寸的缩放比例。
在手机上安装相应的应用程序，用手机的加速度传感器进行检验。
因为很难把手机固定在指尖，所以测量指尖部位的加速度不容易操作。
（不同型号的手机，加速度传感器所在的位置可能不同。
请查找资料，采用合适的握法握紧手机，完成实验。
手臂运动的最后一刻，指尖做圆周运动，圆心是腕关节，半径很小，由此产生了巨大的向心加速度。
掷标枪竞赛是奥运会田径竞赛项目，掷标枪有以下关键动作。
2.助跑：采用直线助跑，助跑后期，持枪手臂向后引枪。
以上动作，包含了诸多物理原理。
知识点标题: 参考选题
的动作习惯是通过有效经验的积累形成的，其中隐藏着许多物理原理。
[{'title': '实验思路', 'options': []}, {'title': '物理量的测量', 'options': []}, {'title': '数据分析', 'options': []}, {'title': '研究样例', 'options': []}, {'title': '参考选题', 'options': []}]
SQL 文件已标准化并保存到: sql/phy_senior.sql
