章节: 分子动理论 (起始页: 1)
  小节: 分子动理论的基本内容 (页码: 2)
  小节: 实验：用油膜法估测油酸分子的大小 (页码: 7)
  小节: 分子运动速率分布规律 (页码: 10)
  小节: 分子动能和分子势能 (页码: 14)
章节: 气体、固体和液体 (起始页: 18)
  小节: 温度和温标 (页码: 19)
  小节: 气体的等温变化 (页码: 23)
  小节: 气体的等压变化和等容变化 (页码: 26)
  小节: 固体 (页码: 31)
  小节: 液体 (页码: 36)
章节: 热力学定律 (起始页: 45)
  小节: 功、热和内能的改变 (页码: 46)
  小节: 热力学第一定律 (页码: 50)
  小节: 能量守恒定律 (页码: 54)
  小节: 热力学第二定律 (页码: 59)
章节: 原子结构和波粒二象性 (起始页: 66)
  小节: 普朗克黑体辐射理论 (页码: 67)
  小节: 光电效应 (页码: 71)
  小节: 原子的核式结构模型 (页码: 78)
  小节: 氢原子光谱和玻尔的原子模型 (页码: 84)
  小节: 粒子的波动性和量子力学的建立 (页码: 92)
章节: 原子核 (起始页: 100)
  小节: 原子核的组成 (页码: 101)
  小节: 放射性元素的衰变 (页码: 108)
  小节: 核力与结合能 (页码: 115)
  小节: 核裂变与核聚变 (页码: 119)
  小节: “基本”粒子 (页码: 126)
length of sentence is: 22
length of sentence is: 41
length of sentence is: 54
length of sentence is: 32
length of sentence is: 19
length of sentence is: 30
length of sentence is: 43
length of sentence is: 43
response is: 1. 我们在初中已经学过，物体是由大量分子组成的。
2. 在研究物质的化学性质时，我们认为组成物质的微粒是分子、原子或者离子。
3. 在研究物体的热运动性质和规律时，不必区分它们在化学变化中所起的不同作用，而把组成物体的微粒统称为分子。
4. 我们知道，1mol水中含有水分子的数量就达6.02×1023个。这足以表明，组成物体的分子是大量的。
5. 人们用肉眼无法直接看到分子，就是用高倍的光学显微镜也看不到。直至1982年，人们研制了能放大几亿倍的扫描隧道显微镜，才观察到物质表面原子的排列。
length of sentence is: 32
length of sentence is: 29
length of sentence is: 55
length of sentence is: 26
length of sentence is: 26
length of sentence is: 16
length of sentence is: 31
length of sentence is: 23
length of sentence is: 31
length of sentence is: 29
length of sentence is: 13
length of sentence is: 37
length of sentence is: 86
length of sentence is: 14
length of sentence is: 25
length of sentence is: 19
length of sentence is: 30
length of sentence is: 20
length of sentence is: 47
length of sentence is: 39
length of sentence is: 15
length of sentence is: 38
length of sentence is: 61
length of sentence is: 60
length of sentence is: 84
length of sentence is: 58
length of sentence is: 18
length of sentence is: 24
length of sentence is: 31
length of sentence is: 41
length of sentence is: 16
response is: 1. 从许多实验和生活现象中我们都会发现，不同种物质能够彼此进入对方。在物理学中，人们把这类现象叫作扩散（diffusion）。
2. 扩散现象并不是外界作用（例如对流、重力作用等）引起的，也不是化学反应的结果，而是由物质分子的无规则运动产生的。
3. 扩散现象是物质分子永不停息地做无规则运动的证据之一。
4. 扩散现象在科学技术中有很多应用。例如，在生产半导体器件时，需要在纯净半导体材料中掺入其他元素。这一过程可以在高温条件下通过分子的扩散来完成。
5. 19世纪初，一些人观察到，悬浮在液体中的小颗粒总在不停地运动。1827年，英国植物学家布朗首先在显微镜下研究了这种运动。
6. 从实验结果可以看出，小炭粒的运动是无规则的，温度越高，小炭粒的运动越明显。这表明微粒的运动是无规则的。
7. 实际上，就是在30s内，微粒的运动也是极不规则的。
8. 当时布朗观察的是悬浮在水中的花粉微粒。他起初认为，微粒的运动不是外界因素引起的，而是其自发的运动。
9. 布朗用当时保存了上百年的植物标本，取其微粒进行实验，他还用了一些没有生命的无机物粉末进行实验。结果是，不管哪一种微粒，只要足够小，就会发生这种运动；微粒越小，运动就越明显。
10. 这说明微粒的运动不是生命现象。
11. 后人把悬浮微粒的这种无规则运动叫作布朗运动（Brownian motion）。
12. 在某一瞬间，微粒在某个方向受到的撞击作用较强；在下一瞬间，微粒受到另一方向的撞击作用较强，这样就引起了微粒无规则的运动。
13. 悬浮在液体中的微粒越小，在某一瞬间跟它相撞的液体分子数越少，撞击作用的不平衡性就表现得越明显，并且微粒越小，它的质量越小，其运动状态越容易被改变，因而，布朗运动越明显。
14. 如果悬浮在液体中的微粒很大，在某一瞬间跟它相撞的分子数很多，各个方向的撞击作用接近平衡，这时就很难观察到布朗运动了。
15. 在扩散现象中，温度越高，扩散得越快。观察布朗运动，温度越高，悬浮微粒的运动就越明显。
16. 可见，分子的无规则运动与温度有关系，温度越高，这种运动越剧烈。因此，我们把分子这种永不停息的无规则运动叫作热运动（thermal motion）。
17. 温度是分子热运动剧烈程度的标志。
length of sentence is: 26
length of sentence is: 26
length of sentence is: 15
length of sentence is: 14
length of sentence is: 45
length of sentence is: 35
length of sentence is: 44
length of sentence is: 44
length of sentence is: 35
length of sentence is: 33
length of sentence is: 21
length of sentence is: 29
length of sentence is: 21
length of sentence is: 17
length of sentence is: 15
length of sentence is: 20
length of sentence is: 25
response is: 1. 气体很容易被压缩，说明气体分子之间存在着很大的空隙。
2. 水和酒精混合后的总体积变小了。这表明液体分子间存在着空隙。
3. 压在一起的金块和铅块，各自的分子能扩散到对方的内部，这表明固体分子之间也存在着空隙。
4. 分子间有空隙，大量分子却能聚集在一起，这说明分子之间存在着相互作用力。
5. 当用力拉伸物体时，物体内各部分之间要产生反抗拉伸的作用力，此时分子间的作用力表现为引力。
6. 当用力压缩物体时，物体内各部分之间会产生反抗压缩的作用力，此时分子间的作用力表现为斥力。
7. 我们知道，分子是由原子组成的。
8. 原子内部有带正电的原子核和带负电的电子。
9. 分子间的作用力就是由这些带电粒子的相互作用引起的。
length of sentence is: 47
length of sentence is: 14
length of sentence is: 47
length of sentence is: 39
length of sentence is: 82
length of sentence is: 23
response is: 1. 我们已经知道：物体是由大量分子组成的，分子在做永不停息的无规则运动，分子之间存在着相互作用力。
2. 在热学研究中常常以这样的基本内容为出发点，把物质的热学性质和规律看作微观粒子热运动的宏观表现。这样建立的理论叫作分子动理论（molecularkinetictheory）。
3. 由于分子热运动是无规则的，所以，对于任何一个分子而言，在每一时刻沿什么方向运动，以及运动的速率等都具有偶然性；但是对于大量分子的整体而言，它们的运动却表现出规律性。
length of sentence is: 19
length of sentence is: 24
length of sentence is: 24
length of sentence is: 39
length of sentence is: 33
length of sentence is: 81
length of sentence is: 68
length of sentence is: 51
length of sentence is: 53
response is: 1. 热现象与大量分子热运动的统计规律有关。
2. 要研究气体的热现象，就要了解气体分子运动的特点。
3. 我们可以认为，液体的分子是一个挨着一个地排列的。
4. 液体变为气体后，体积要增大上千倍，可见，气体分子间距离大约是分子直径的10倍。
5. 分子的大小相对分子间的空隙来说很小，所以，可以把气体分子视为质点。
6. 分子的运动杂乱无章，在某一时刻，向着任何一个方向运动的分子都有，而且向各个方向运动的分子数目几乎相等。
7. 当然，这里说的数目相等，是针对大量分子而言的，实际数目会有微小的差别，由于分子数极多，其差别完全可以忽略。
length of sentence is: 36
length of sentence is: 30
length of sentence is: 21
length of sentence is: 105
length of sentence is: 33
length of sentence is: 28
response is: 1. 尽管分子做无规则运动，速率有大有小，但大量分子的速率却按一定的规律分布。
2. 可以看到，0℃和100℃氧气分子的速率都呈“中间多、两头少”的分布，但这两个温度下具有最大比例的速率区间是不同的：0℃时，速率在300〜400m/s的分子最多；100℃时，速率在400〜500m/s的分子最多。
3. 100℃的氧气，速率大的分子比例较多，其分子的平均速率比0℃的大。
4. 从这里我们可以直观地体会到温度越高，分子的热运动越剧烈。
length of sentence is: 83
length of sentence is: 177
length of sentence is: 62
length of sentence is: 19
length of sentence is: 82
length of sentence is: 54
length of sentence is: 21
length of sentence is: 20
length of sentence is: 99
